<?xml version="1.0" encoding="UTF-8"?><TestSessionContainer xmlns="http://www.codecover.org/xml/testsession-container" Date="1693399600963" TestSessionContainerId="a9aa3dab-49cb-4364-95fb-1be7966516cf" version="1.0">
    <SrcFileList>
        <SrcFile Content="package exe4;&#13;&#10;&#13;&#10;public class Balance {&#13;&#10;&#9;&#13;&#10;&#9;private int p;&#13;&#10;&#9;private int w;&#13;&#10;&#9;&#13;&#10;&#9;Balance(){}&#13;&#10;&#9;&#13;&#10;&#9;public boolean setBalanceValue(int x, int y){&#13;&#10;&#9;&#9;this.p=x;&#13;&#10;&#9;&#9;this.w=y;&#13;&#10;&#9;&#9;&#13;&#10;&#9;&#9;if((p&lt;4 &amp;&amp; w&lt;=400) || (p==0 &amp;&amp; w&lt;=1000))&#13;&#10;&#9;&#9;&#9;return true;&#13;&#10;&#9; &#9;else&#13;&#10;&#9;&#9;{&#13;&#10;&#9;&#9;&#9;return false;&#13;&#10;&#9;&#9;} &#13;&#10;&#9;}&#13;&#10;&#9;&#13;&#10;&#9;public int getP(){&#13;&#10;&#9;&#9;return p;&#13;&#10;&#9;}&#13;&#10;&#9;&#13;&#10;&#9;public int getW(){&#13;&#10;&#9;&#9;return w;&#13;&#10;&#9;}&#13;&#10;}" Filename="Balance.java" Intrnl_Id="1"/>
    </SrcFileList>
    <CritList>
        <CritListEntry Name="org.codecover.model.utils.criteria.LoopCoverage" PluginName="org.codecover"/>
        <CritListEntry Name="org.codecover.model.utils.criteria.QMOCoverage" PluginName="org.codecover"/>
        <CritListEntry Name="org.codecover.model.utils.criteria.ConditionCoverage" PluginName="org.codecover"/>
        <CritListEntry Name="org.codecover.model.utils.criteria.BranchCoverage" PluginName="org.codecover"/>
        <CritListEntry Name="org.codecover.model.utils.criteria.SynchronizedStatementCoverage" PluginName="org.codecover"/>
        <CritListEntry Name="org.codecover.model.utils.criteria.StatementCoverage" PluginName="org.codecover"/>
    </CritList>
    <BoolOpList>
        <BoolOp Arity="2" Intrnl_Id="2" Name="conditional and (&amp;&amp;)">
            <BoolAssgnmntBoolMapList>
                <MapEntry BoolAssgnmnt="02" Value="false"/>
                <MapEntry BoolAssgnmnt="10" Value="false"/>
                <MapEntry BoolAssgnmnt="11" Value="true"/>
            </BoolAssgnmntBoolMapList>
        </BoolOp>
        <BoolOp Arity="2" Intrnl_Id="3" Name="conditional or (||)">
            <BoolAssgnmntBoolMapList>
                <MapEntry BoolAssgnmnt="00" Value="false"/>
                <MapEntry BoolAssgnmnt="01" Value="true"/>
                <MapEntry BoolAssgnmnt="12" Value="true"/>
            </BoolAssgnmntBoolMapList>
        </BoolOp>
    </BoolOpList>
    <HierarchyLvlTypeList>
        <HierarchyLvlType EnglishName="package" IntrnlName="package" Intrnl_Id="4"/>
        <HierarchyLvlType EnglishName="method" IntrnlName="method" Intrnl_Id="5"/>
        <HierarchyLvlType EnglishName="class" IntrnlName="class" Intrnl_Id="6"/>
        <HierarchyLvlType EnglishName="default package" IntrnlName="default package" Intrnl_Id="7"/>
    </HierarchyLvlTypeList>
    <MASTRoot>
        <HierarchyLvl HierarchyLvlId="231" HierarchyLvlTypeId="7" Intrnl_Id="8" Name="default package">
            <Header/>
            <LocList/>
            <HierarchyLvl HierarchyLvlId="230" HierarchyLvlTypeId="4" Intrnl_Id="9" Name="exe4">
                <Header/>
                <LocList/>
                <HierarchyLvl HierarchyLvlId="229" HierarchyLvlTypeId="6" Intrnl_Id="10" Name="Balance">
                    <Header>
                        <Loc EndOffset="37" SrcFileId="1" StartOffset="17"/>
                    </Header>
                    <LocList>
                        <Loc EndOffset="362" SrcFileId="1" StartOffset="17"/>
                    </LocList>
                    <HierarchyLvl HierarchyLvlId="225" HierarchyLvlTypeId="5" Intrnl_Id="11" Name="Balance">
                        <Header>
                            <Loc EndOffset="91" SrcFileId="1" StartOffset="82"/>
                        </Header>
                        <LocList>
                            <Loc EndOffset="93" SrcFileId="1" StartOffset="82"/>
                        </LocList>
                    </HierarchyLvl>
                    <HierarchyLvl HierarchyLvlId="226" HierarchyLvlTypeId="5" Intrnl_Id="12" Name="setBalanceValue">
                        <Header>
                            <Loc EndOffset="143" SrcFileId="1" StartOffset="99"/>
                        </Header>
                        <LocList>
                            <Loc EndOffset="277" SrcFileId="1" StartOffset="99"/>
                        </LocList>
                        <StmntSeq Intrnl_Id="13">
                            <LocList>
                                <Loc EndOffset="157" SrcFileId="1" StartOffset="148"/>
                                <Loc EndOffset="170" SrcFileId="1" StartOffset="161"/>
                                <Loc EndOffset="272" SrcFileId="1" StartOffset="178"/>
                            </LocList>
                            <BasicStmnt CovItemId="S1" CovItemPrefix="exe4.Balance.java" Intrnl_Id="14">
                                <LocList>
                                    <Loc EndOffset="157" SrcFileId="1" StartOffset="148"/>
                                </LocList>
                            </BasicStmnt>
                            <BasicStmnt CovItemId="S2" CovItemPrefix="exe4.Balance.java" Intrnl_Id="15">
                                <LocList>
                                    <Loc EndOffset="170" SrcFileId="1" StartOffset="161"/>
                                </LocList>
                            </BasicStmnt>
                            <CondStmnt CovItemId="S3" CovItemPrefix="exe4.Balance.java" Intrnl_Id="16">
                                <Branch CovItemId="B1" CovItemPrefix="exe4.Balance.java" Implct="false" Intrnl_Id="17">
                                    <Cond/>
                                    <LocList>
                                        <Loc EndOffset="235" SrcFileId="1" StartOffset="223"/>
                                    </LocList>
                                    <StmntSeq Intrnl_Id="18">
                                        <LocList>
                                            <Loc EndOffset="235" SrcFileId="1" StartOffset="223"/>
                                        </LocList>
                                        <BasicStmnt CovItemId="S4" CovItemPrefix="exe4.Balance.java" Intrnl_Id="19">
                                            <LocList>
                                                <Loc EndOffset="235" SrcFileId="1" StartOffset="223"/>
                                            </LocList>
                                        </BasicStmnt>
                                    </StmntSeq>
                                </Branch>
                                <Branch CovItemId="B2" CovItemPrefix="exe4.Balance.java" Implct="false" Intrnl_Id="20">
                                    <Cond>
                                        <Loc EndOffset="244" SrcFileId="1" StartOffset="240"/>
                                    </Cond>
                                    <LocList>
                                        <Loc EndOffset="272" SrcFileId="1" StartOffset="248"/>
                                    </LocList>
                                    <StmntSeq Intrnl_Id="21">
                                        <LocList>
                                            <Loc EndOffset="267" SrcFileId="1" StartOffset="254"/>
                                        </LocList>
                                        <BasicStmnt CovItemId="S5" CovItemPrefix="exe4.Balance.java" Intrnl_Id="22">
                                            <LocList>
                                                <Loc EndOffset="267" SrcFileId="1" StartOffset="254"/>
                                            </LocList>
                                        </BasicStmnt>
                                    </StmntSeq>
                                </Branch>
                                <Keyword EndOffset="180" SrcFileId="1" StartOffset="178"/>
                                <LocList>
                                    <Loc EndOffset="272" SrcFileId="1" StartOffset="178"/>
                                </LocList>
                                <RootTerm CovItemId="C1" CovItemPrefix="exe4.Balance.java" Intrnl_Id="23">
                                    <OpTerm BooleanOpId="3" Intrnl_Id="24">
                                        <OpTerm BooleanOpId="2" Intrnl_Id="25">
                                            <BasicBoolTerm Intrnl_Id="26">
                                                <LocList>
                                                    <Loc EndOffset="185" SrcFileId="1" StartOffset="182"/>
                                                </LocList>
                                            </BasicBoolTerm>
                                            <BasicBoolTerm Intrnl_Id="27">
                                                <LocList>
                                                    <Loc EndOffset="195" SrcFileId="1" StartOffset="189"/>
                                                </LocList>
                                            </BasicBoolTerm>
                                            <LocList>
                                                <Loc EndOffset="188" SrcFileId="1" StartOffset="186"/>
                                            </LocList>
                                        </OpTerm>
                                        <OpTerm BooleanOpId="2" Intrnl_Id="28">
                                            <BasicBoolTerm Intrnl_Id="29">
                                                <LocList>
                                                    <Loc EndOffset="205" SrcFileId="1" StartOffset="201"/>
                                                </LocList>
                                            </BasicBoolTerm>
                                            <BasicBoolTerm Intrnl_Id="30">
                                                <LocList>
                                                    <Loc EndOffset="216" SrcFileId="1" StartOffset="209"/>
                                                </LocList>
                                            </BasicBoolTerm>
                                            <LocList>
                                                <Loc EndOffset="208" SrcFileId="1" StartOffset="206"/>
                                            </LocList>
                                        </OpTerm>
                                        <LocList>
                                            <Loc EndOffset="199" SrcFileId="1" StartOffset="197"/>
                                        </LocList>
                                    </OpTerm>
                                </RootTerm>
                            </CondStmnt>
                        </StmntSeq>
                    </HierarchyLvl>
                    <HierarchyLvl HierarchyLvlId="227" HierarchyLvlTypeId="5" Intrnl_Id="31" Name="getP">
                        <Header>
                            <Loc EndOffset="300" SrcFileId="1" StartOffset="283"/>
                        </Header>
                        <LocList>
                            <Loc EndOffset="318" SrcFileId="1" StartOffset="283"/>
                        </LocList>
                        <StmntSeq Intrnl_Id="32">
                            <LocList>
                                <Loc EndOffset="314" SrcFileId="1" StartOffset="305"/>
                            </LocList>
                            <BasicStmnt CovItemId="S6" CovItemPrefix="exe4.Balance.java" Intrnl_Id="33">
                                <LocList>
                                    <Loc EndOffset="314" SrcFileId="1" StartOffset="305"/>
                                </LocList>
                            </BasicStmnt>
                        </StmntSeq>
                    </HierarchyLvl>
                    <HierarchyLvl HierarchyLvlId="228" HierarchyLvlTypeId="5" Intrnl_Id="34" Name="getW">
                        <Header>
                            <Loc EndOffset="341" SrcFileId="1" StartOffset="324"/>
                        </Header>
                        <LocList>
                            <Loc EndOffset="359" SrcFileId="1" StartOffset="324"/>
                        </LocList>
                        <StmntSeq Intrnl_Id="35">
                            <LocList>
                                <Loc EndOffset="355" SrcFileId="1" StartOffset="346"/>
                            </LocList>
                            <BasicStmnt CovItemId="S7" CovItemPrefix="exe4.Balance.java" Intrnl_Id="36">
                                <LocList>
                                    <Loc EndOffset="355" SrcFileId="1" StartOffset="346"/>
                                </LocList>
                            </BasicStmnt>
                        </StmntSeq>
                    </HierarchyLvl>
                </HierarchyLvl>
            </HierarchyLvl>
        </HierarchyLvl>
    </MASTRoot>
    <TestSession Comment="" Date="1693399603367" Name="30 ago 2023, 14:46:43">
        <TestCase Comment="" Date="1693399603138" Name="exe4.Balance_1_Test:mcdcTest1">
            <CovList>
                <CovPrefix CovItemPrefix="exe4.Balance.java">
                    <Cov CovItemId="B2" Value="1"/>
                    <Cov CovItemId="S1" Value="1"/>
                    <Cov CovItemId="S2" Value="1"/>
                    <Cov CovItemId="S3" Value="1"/>
                    <Cov CovItemId="S5" Value="1"/>
                </CovPrefix>
            </CovList>
            <AssgnmntList>
                <AssgnmntPrefix RootTermCovItemPrefix="exe4.Balance.java">
                    <AssgnmntListEntry Length="4" RootTermCovItemId="C1">
                        <MapEntry BoolAssgnmnt="0202" Value="1"/>
                    </AssgnmntListEntry>
                </AssgnmntPrefix>
            </AssgnmntList>
            <ObjMetaDataList/>
            <MetaDataList/>
        </TestCase>
        <TestCase Comment="" Date="1693399603146" Name="exe4.Balance_1_Test:mcdcTest2">
            <CovList>
                <CovPrefix CovItemPrefix="exe4.Balance.java">
                    <Cov CovItemId="B1" Value="1"/>
                    <Cov CovItemId="S1" Value="1"/>
                    <Cov CovItemId="S2" Value="1"/>
                    <Cov CovItemId="S3" Value="1"/>
                    <Cov CovItemId="S4" Value="1"/>
                </CovPrefix>
            </CovList>
            <AssgnmntList>
                <AssgnmntPrefix RootTermCovItemPrefix="exe4.Balance.java">
                    <AssgnmntListEntry Length="4" RootTermCovItemId="C1">
                        <MapEntry BoolAssgnmnt="1122" Value="1"/>
                    </AssgnmntListEntry>
                </AssgnmntPrefix>
            </AssgnmntList>
            <ObjMetaDataList/>
            <MetaDataList/>
        </TestCase>
        <TestCase Comment="Failure&#10;java.lang.AssertionError&#13;&#10;&#9;at org.junit.Assert.fail(Assert.java:87)&#13;&#10;&#9;at org.junit.Assert.assertTrue(Assert.java:42)&#13;&#10;&#9;at org.junit.Assert.assertTrue(Assert.java:53)&#13;&#10;&#9;at exe4.Balance_1_Test.mcdcTest3(Balance_1_Test.java:53)&#13;&#10;&#9;at java.base/jdk.internal.reflect.NativeMethodAccessorImpl.invoke0(Native Method)&#13;&#10;&#9;at java.base/jdk.internal.reflect.NativeMethodAccessorImpl.invoke(NativeMethodAccessorImpl.java:77)&#13;&#10;&#9;at java.base/jdk.internal.reflect.DelegatingMethodAccessorImpl.invoke(DelegatingMethodAccessorImpl.java:43)&#13;&#10;&#9;at java.base/java.lang.reflect.Method.invoke(Method.java:568)&#13;&#10;&#9;at org.junit.runners.model.FrameworkMethod$1.runReflectiveCall(FrameworkMethod.java:59)&#13;&#10;&#9;at org.junit.internal.runners.model.ReflectiveCallable.run(ReflectiveCallable.java:12)&#13;&#10;&#9;at org.junit.runners.model.FrameworkMethod.invokeExplosively(FrameworkMethod.java:56)&#13;&#10;&#9;at org.junit.internal.runners.statements.InvokeMethod.evaluate(InvokeMethod.java:17)&#13;&#10;&#9;at org.junit.runners.ParentRunner$3.evaluate(ParentRunner.java:306)&#13;&#10;&#9;at org.junit.runners.BlockJUnit4ClassRunner$1.evaluate(BlockJUnit4ClassRunner.java:100)&#13;&#10;&#9;at org.junit.runners.ParentRunner.runLeaf(ParentRunner.java:366)&#13;&#10;&#9;at org.junit.runners.BlockJUnit4ClassRunner.runChild(BlockJUnit4ClassRunner.java:103)&#13;&#10;&#9;at org.junit.runners.BlockJUnit4ClassRunner.runChild(BlockJUnit4ClassRunner.java:63)&#13;&#10;&#9;at org.junit.runners.ParentRunner$4.run(ParentRunner.java:331)&#13;&#10;&#9;at org.junit.runners.ParentRunner$1.schedule(ParentRunner.java:79)&#13;&#10;&#9;at org.junit.runners.ParentRunner.runChildren(ParentRunner.java:329)&#13;&#10;&#9;at org.junit.runners.ParentRunner.access$100(ParentRunner.java:66)&#13;&#10;&#9;at org.junit.runners.ParentRunner$2.evaluate(ParentRunner.java:293)&#13;&#10;&#9;at org.junit.runners.ParentRunner$3.evaluate(ParentRunner.java:306)&#13;&#10;&#9;at org.junit.runners.ParentRunner.run(ParentRunner.java:413)&#13;&#10;&#9;at org.eclipse.jdt.internal.junit4.runner.JUnit4TestReference.run(JUnit4TestReference.java:93)&#13;&#10;&#9;at org.eclipse.jdt.internal.junit.runner.TestExecution.run(TestExecution.java:40)&#13;&#10;&#9;at org.eclipse.jdt.internal.junit.runner.RemoteTestRunner.runTests(RemoteTestRunner.java:529)&#13;&#10;&#9;at org.eclipse.jdt.internal.junit.runner.RemoteTestRunner.runTests(RemoteTestRunner.java:756)&#13;&#10;&#9;at org.eclipse.jdt.internal.junit.runner.RemoteTestRunner.run(RemoteTestRunner.java:452)&#13;&#10;&#9;at org.codecover.juniteclipse.runner.EclipseTestRunner.main(EclipseTestRunner.java:40)" Date="1693399603149" Name="exe4.Balance_1_Test:mcdcTest3">
            <CovList>
                <CovPrefix CovItemPrefix="exe4.Balance.java">
                    <Cov CovItemId="B2" Value="1"/>
                    <Cov CovItemId="S1" Value="1"/>
                    <Cov CovItemId="S2" Value="1"/>
                    <Cov CovItemId="S3" Value="1"/>
                    <Cov CovItemId="S5" Value="1"/>
                </CovPrefix>
            </CovList>
            <AssgnmntList>
                <AssgnmntPrefix RootTermCovItemPrefix="exe4.Balance.java">
                    <AssgnmntListEntry Length="4" RootTermCovItemId="C1">
                        <MapEntry BoolAssgnmnt="1002" Value="1"/>
                    </AssgnmntListEntry>
                </AssgnmntPrefix>
            </AssgnmntList>
            <ObjMetaDataList/>
            <MetaDataList/>
        </TestCase>
        <TestCase Comment="Failure&#10;java.lang.AssertionError&#13;&#10;&#9;at org.junit.Assert.fail(Assert.java:87)&#13;&#10;&#9;at org.junit.Assert.assertTrue(Assert.java:42)&#13;&#10;&#9;at org.junit.Assert.assertFalse(Assert.java:65)&#13;&#10;&#9;at org.junit.Assert.assertFalse(Assert.java:75)&#13;&#10;&#9;at exe4.Balance_1_Test.mcdcTest4(Balance_1_Test.java:59)&#13;&#10;&#9;at java.base/jdk.internal.reflect.NativeMethodAccessorImpl.invoke0(Native Method)&#13;&#10;&#9;at java.base/jdk.internal.reflect.NativeMethodAccessorImpl.invoke(NativeMethodAccessorImpl.java:77)&#13;&#10;&#9;at java.base/jdk.internal.reflect.DelegatingMethodAccessorImpl.invoke(DelegatingMethodAccessorImpl.java:43)&#13;&#10;&#9;at java.base/java.lang.reflect.Method.invoke(Method.java:568)&#13;&#10;&#9;at org.junit.runners.model.FrameworkMethod$1.runReflectiveCall(FrameworkMethod.java:59)&#13;&#10;&#9;at org.junit.internal.runners.model.ReflectiveCallable.run(ReflectiveCallable.java:12)&#13;&#10;&#9;at org.junit.runners.model.FrameworkMethod.invokeExplosively(FrameworkMethod.java:56)&#13;&#10;&#9;at org.junit.internal.runners.statements.InvokeMethod.evaluate(InvokeMethod.java:17)&#13;&#10;&#9;at org.junit.runners.ParentRunner$3.evaluate(ParentRunner.java:306)&#13;&#10;&#9;at org.junit.runners.BlockJUnit4ClassRunner$1.evaluate(BlockJUnit4ClassRunner.java:100)&#13;&#10;&#9;at org.junit.runners.ParentRunner.runLeaf(ParentRunner.java:366)&#13;&#10;&#9;at org.junit.runners.BlockJUnit4ClassRunner.runChild(BlockJUnit4ClassRunner.java:103)&#13;&#10;&#9;at org.junit.runners.BlockJUnit4ClassRunner.runChild(BlockJUnit4ClassRunner.java:63)&#13;&#10;&#9;at org.junit.runners.ParentRunner$4.run(ParentRunner.java:331)&#13;&#10;&#9;at org.junit.runners.ParentRunner$1.schedule(ParentRunner.java:79)&#13;&#10;&#9;at org.junit.runners.ParentRunner.runChildren(ParentRunner.java:329)&#13;&#10;&#9;at org.junit.runners.ParentRunner.access$100(ParentRunner.java:66)&#13;&#10;&#9;at org.junit.runners.ParentRunner$2.evaluate(ParentRunner.java:293)&#13;&#10;&#9;at org.junit.runners.ParentRunner$3.evaluate(ParentRunner.java:306)&#13;&#10;&#9;at org.junit.runners.ParentRunner.run(ParentRunner.java:413)&#13;&#10;&#9;at org.eclipse.jdt.internal.junit4.runner.JUnit4TestReference.run(JUnit4TestReference.java:93)&#13;&#10;&#9;at org.eclipse.jdt.internal.junit.runner.TestExecution.run(TestExecution.java:40)&#13;&#10;&#9;at org.eclipse.jdt.internal.junit.runner.RemoteTestRunner.runTests(RemoteTestRunner.java:529)&#13;&#10;&#9;at org.eclipse.jdt.internal.junit.runner.RemoteTestRunner.runTests(RemoteTestRunner.java:756)&#13;&#10;&#9;at org.eclipse.jdt.internal.junit.runner.RemoteTestRunner.run(RemoteTestRunner.java:452)&#13;&#10;&#9;at org.codecover.juniteclipse.runner.EclipseTestRunner.main(EclipseTestRunner.java:40)" Date="1693399603167" Name="exe4.Balance_1_Test:mcdcTest4">
            <CovList>
                <CovPrefix CovItemPrefix="exe4.Balance.java">
                    <Cov CovItemId="B1" Value="1"/>
                    <Cov CovItemId="S1" Value="1"/>
                    <Cov CovItemId="S2" Value="1"/>
                    <Cov CovItemId="S3" Value="1"/>
                    <Cov CovItemId="S4" Value="1"/>
                </CovPrefix>
            </CovList>
            <AssgnmntList>
                <AssgnmntPrefix RootTermCovItemPrefix="exe4.Balance.java">
                    <AssgnmntListEntry Length="4" RootTermCovItemId="C1">
                        <MapEntry BoolAssgnmnt="1011" Value="1"/>
                    </AssgnmntListEntry>
                </AssgnmntPrefix>
            </AssgnmntList>
            <ObjMetaDataList/>
            <MetaDataList/>
        </TestCase>
        <TestCase Comment="" Date="1693399603178" Name="exe4.Balance_1_Test:mcdcTest5">
            <CovList>
                <CovPrefix CovItemPrefix="exe4.Balance.java">
                    <Cov CovItemId="B2" Value="1"/>
                    <Cov CovItemId="S1" Value="1"/>
                    <Cov CovItemId="S2" Value="1"/>
                    <Cov CovItemId="S3" Value="1"/>
                    <Cov CovItemId="S5" Value="1"/>
                </CovPrefix>
            </CovList>
            <AssgnmntList>
                <AssgnmntPrefix RootTermCovItemPrefix="exe4.Balance.java">
                    <AssgnmntListEntry Length="4" RootTermCovItemId="C1">
                        <MapEntry BoolAssgnmnt="1010" Value="1"/>
                    </AssgnmntListEntry>
                </AssgnmntPrefix>
            </AssgnmntList>
            <ObjMetaDataList/>
            <MetaDataList/>
        </TestCase>
        <TestCase Comment="Failure&#10;java.lang.AssertionError: expected:&lt;10&gt; but was:&lt;100&gt;&#13;&#10;&#9;at org.junit.Assert.fail(Assert.java:89)&#13;&#10;&#9;at org.junit.Assert.failNotEquals(Assert.java:835)&#13;&#10;&#9;at org.junit.Assert.assertEquals(Assert.java:647)&#13;&#10;&#9;at org.junit.Assert.assertEquals(Assert.java:633)&#13;&#10;&#9;at exe4.Balance_1_Test.StatementTest(Balance_1_Test.java:19)&#13;&#10;&#9;at java.base/jdk.internal.reflect.NativeMethodAccessorImpl.invoke0(Native Method)&#13;&#10;&#9;at java.base/jdk.internal.reflect.NativeMethodAccessorImpl.invoke(NativeMethodAccessorImpl.java:77)&#13;&#10;&#9;at java.base/jdk.internal.reflect.DelegatingMethodAccessorImpl.invoke(DelegatingMethodAccessorImpl.java:43)&#13;&#10;&#9;at java.base/java.lang.reflect.Method.invoke(Method.java:568)&#13;&#10;&#9;at org.junit.runners.model.FrameworkMethod$1.runReflectiveCall(FrameworkMethod.java:59)&#13;&#10;&#9;at org.junit.internal.runners.model.ReflectiveCallable.run(ReflectiveCallable.java:12)&#13;&#10;&#9;at org.junit.runners.model.FrameworkMethod.invokeExplosively(FrameworkMethod.java:56)&#13;&#10;&#9;at org.junit.internal.runners.statements.InvokeMethod.evaluate(InvokeMethod.java:17)&#13;&#10;&#9;at org.junit.runners.ParentRunner$3.evaluate(ParentRunner.java:306)&#13;&#10;&#9;at org.junit.runners.BlockJUnit4ClassRunner$1.evaluate(BlockJUnit4ClassRunner.java:100)&#13;&#10;&#9;at org.junit.runners.ParentRunner.runLeaf(ParentRunner.java:366)&#13;&#10;&#9;at org.junit.runners.BlockJUnit4ClassRunner.runChild(BlockJUnit4ClassRunner.java:103)&#13;&#10;&#9;at org.junit.runners.BlockJUnit4ClassRunner.runChild(BlockJUnit4ClassRunner.java:63)&#13;&#10;&#9;at org.junit.runners.ParentRunner$4.run(ParentRunner.java:331)&#13;&#10;&#9;at org.junit.runners.ParentRunner$1.schedule(ParentRunner.java:79)&#13;&#10;&#9;at org.junit.runners.ParentRunner.runChildren(ParentRunner.java:329)&#13;&#10;&#9;at org.junit.runners.ParentRunner.access$100(ParentRunner.java:66)&#13;&#10;&#9;at org.junit.runners.ParentRunner$2.evaluate(ParentRunner.java:293)&#13;&#10;&#9;at org.junit.runners.ParentRunner$3.evaluate(ParentRunner.java:306)&#13;&#10;&#9;at org.junit.runners.ParentRunner.run(ParentRunner.java:413)&#13;&#10;&#9;at org.eclipse.jdt.internal.junit4.runner.JUnit4TestReference.run(JUnit4TestReference.java:93)&#13;&#10;&#9;at org.eclipse.jdt.internal.junit.runner.TestExecution.run(TestExecution.java:40)&#13;&#10;&#9;at org.eclipse.jdt.internal.junit.runner.RemoteTestRunner.runTests(RemoteTestRunner.java:529)&#13;&#10;&#9;at org.eclipse.jdt.internal.junit.runner.RemoteTestRunner.runTests(RemoteTestRunner.java:756)&#13;&#10;&#9;at org.eclipse.jdt.internal.junit.runner.RemoteTestRunner.run(RemoteTestRunner.java:452)&#13;&#10;&#9;at org.codecover.juniteclipse.runner.EclipseTestRunner.main(EclipseTestRunner.java:40)" Date="1693399603180" Name="exe4.Balance_1_Test:StatementTest">
            <CovList>
                <CovPrefix CovItemPrefix="exe4.Balance.java">
                    <Cov CovItemId="B1" Value="1"/>
                    <Cov CovItemId="B2" Value="1"/>
                    <Cov CovItemId="S1" Value="2"/>
                    <Cov CovItemId="S2" Value="2"/>
                    <Cov CovItemId="S3" Value="2"/>
                    <Cov CovItemId="S4" Value="1"/>
                    <Cov CovItemId="S5" Value="1"/>
                    <Cov CovItemId="S6" Value="2"/>
                </CovPrefix>
            </CovList>
            <AssgnmntList>
                <AssgnmntPrefix RootTermCovItemPrefix="exe4.Balance.java">
                    <AssgnmntListEntry Length="4" RootTermCovItemId="C1">
                        <MapEntry BoolAssgnmnt="1122" Value="1"/>
                        <MapEntry BoolAssgnmnt="0202" Value="1"/>
                    </AssgnmntListEntry>
                </AssgnmntPrefix>
            </AssgnmntList>
            <ObjMetaDataList/>
            <MetaDataList/>
        </TestCase>
        <MetaDataList/>
    </TestSession>
    <TestSession Comment="" Date="1693399669626" Name="30 ago 2023, 14:47:49">
        <TestCase Comment="" Date="1693399669516" Name="exe4.Balance_1_Test:mcdcTest1">
            <CovList>
                <CovPrefix CovItemPrefix="exe4.Balance.java">
                    <Cov CovItemId="B2" Value="1"/>
                    <Cov CovItemId="S1" Value="1"/>
                    <Cov CovItemId="S2" Value="1"/>
                    <Cov CovItemId="S3" Value="1"/>
                    <Cov CovItemId="S5" Value="1"/>
                </CovPrefix>
            </CovList>
            <AssgnmntList>
                <AssgnmntPrefix RootTermCovItemPrefix="exe4.Balance.java">
                    <AssgnmntListEntry Length="4" RootTermCovItemId="C1">
                        <MapEntry BoolAssgnmnt="0202" Value="1"/>
                    </AssgnmntListEntry>
                </AssgnmntPrefix>
            </AssgnmntList>
            <ObjMetaDataList/>
            <MetaDataList/>
        </TestCase>
        <TestCase Comment="" Date="1693399669526" Name="exe4.Balance_1_Test:mcdcTest2">
            <CovList>
                <CovPrefix CovItemPrefix="exe4.Balance.java">
                    <Cov CovItemId="B1" Value="1"/>
                    <Cov CovItemId="S1" Value="1"/>
                    <Cov CovItemId="S2" Value="1"/>
                    <Cov CovItemId="S3" Value="1"/>
                    <Cov CovItemId="S4" Value="1"/>
                </CovPrefix>
            </CovList>
            <AssgnmntList>
                <AssgnmntPrefix RootTermCovItemPrefix="exe4.Balance.java">
                    <AssgnmntListEntry Length="4" RootTermCovItemId="C1">
                        <MapEntry BoolAssgnmnt="1122" Value="1"/>
                    </AssgnmntListEntry>
                </AssgnmntPrefix>
            </AssgnmntList>
            <ObjMetaDataList/>
            <MetaDataList/>
        </TestCase>
        <TestCase Comment="" Date="1693399669528" Name="exe4.Balance_1_Test:mcdcTest3">
            <CovList>
                <CovPrefix CovItemPrefix="exe4.Balance.java">
                    <Cov CovItemId="B2" Value="1"/>
                    <Cov CovItemId="S1" Value="1"/>
                    <Cov CovItemId="S2" Value="1"/>
                    <Cov CovItemId="S3" Value="1"/>
                    <Cov CovItemId="S5" Value="1"/>
                </CovPrefix>
            </CovList>
            <AssgnmntList>
                <AssgnmntPrefix RootTermCovItemPrefix="exe4.Balance.java">
                    <AssgnmntListEntry Length="4" RootTermCovItemId="C1">
                        <MapEntry BoolAssgnmnt="1002" Value="1"/>
                    </AssgnmntListEntry>
                </AssgnmntPrefix>
            </AssgnmntList>
            <ObjMetaDataList/>
            <MetaDataList/>
        </TestCase>
        <TestCase Comment="" Date="1693399669530" Name="exe4.Balance_1_Test:mcdcTest4">
            <CovList>
                <CovPrefix CovItemPrefix="exe4.Balance.java">
                    <Cov CovItemId="B1" Value="1"/>
                    <Cov CovItemId="S1" Value="1"/>
                    <Cov CovItemId="S2" Value="1"/>
                    <Cov CovItemId="S3" Value="1"/>
                    <Cov CovItemId="S4" Value="1"/>
                </CovPrefix>
            </CovList>
            <AssgnmntList>
                <AssgnmntPrefix RootTermCovItemPrefix="exe4.Balance.java">
                    <AssgnmntListEntry Length="4" RootTermCovItemId="C1">
                        <MapEntry BoolAssgnmnt="1011" Value="1"/>
                    </AssgnmntListEntry>
                </AssgnmntPrefix>
            </AssgnmntList>
            <ObjMetaDataList/>
            <MetaDataList/>
        </TestCase>
        <TestCase Comment="" Date="1693399669532" Name="exe4.Balance_1_Test:mcdcTest5">
            <CovList>
                <CovPrefix CovItemPrefix="exe4.Balance.java">
                    <Cov CovItemId="B2" Value="1"/>
                    <Cov CovItemId="S1" Value="1"/>
                    <Cov CovItemId="S2" Value="1"/>
                    <Cov CovItemId="S3" Value="1"/>
                    <Cov CovItemId="S5" Value="1"/>
                </CovPrefix>
            </CovList>
            <AssgnmntList>
                <AssgnmntPrefix RootTermCovItemPrefix="exe4.Balance.java">
                    <AssgnmntListEntry Length="4" RootTermCovItemId="C1">
                        <MapEntry BoolAssgnmnt="1010" Value="1"/>
                    </AssgnmntListEntry>
                </AssgnmntPrefix>
            </AssgnmntList>
            <ObjMetaDataList/>
            <MetaDataList/>
        </TestCase>
        <TestCase Comment="Failure&#10;java.lang.AssertionError: expected:&lt;10&gt; but was:&lt;100&gt;&#13;&#10;&#9;at org.junit.Assert.fail(Assert.java:89)&#13;&#10;&#9;at org.junit.Assert.failNotEquals(Assert.java:835)&#13;&#10;&#9;at org.junit.Assert.assertEquals(Assert.java:647)&#13;&#10;&#9;at org.junit.Assert.assertEquals(Assert.java:633)&#13;&#10;&#9;at exe4.Balance_1_Test.StatementTest(Balance_1_Test.java:19)&#13;&#10;&#9;at java.base/jdk.internal.reflect.NativeMethodAccessorImpl.invoke0(Native Method)&#13;&#10;&#9;at java.base/jdk.internal.reflect.NativeMethodAccessorImpl.invoke(NativeMethodAccessorImpl.java:77)&#13;&#10;&#9;at java.base/jdk.internal.reflect.DelegatingMethodAccessorImpl.invoke(DelegatingMethodAccessorImpl.java:43)&#13;&#10;&#9;at java.base/java.lang.reflect.Method.invoke(Method.java:568)&#13;&#10;&#9;at org.junit.runners.model.FrameworkMethod$1.runReflectiveCall(FrameworkMethod.java:59)&#13;&#10;&#9;at org.junit.internal.runners.model.ReflectiveCallable.run(ReflectiveCallable.java:12)&#13;&#10;&#9;at org.junit.runners.model.FrameworkMethod.invokeExplosively(FrameworkMethod.java:56)&#13;&#10;&#9;at org.junit.internal.runners.statements.InvokeMethod.evaluate(InvokeMethod.java:17)&#13;&#10;&#9;at org.junit.runners.ParentRunner$3.evaluate(ParentRunner.java:306)&#13;&#10;&#9;at org.junit.runners.BlockJUnit4ClassRunner$1.evaluate(BlockJUnit4ClassRunner.java:100)&#13;&#10;&#9;at org.junit.runners.ParentRunner.runLeaf(ParentRunner.java:366)&#13;&#10;&#9;at org.junit.runners.BlockJUnit4ClassRunner.runChild(BlockJUnit4ClassRunner.java:103)&#13;&#10;&#9;at org.junit.runners.BlockJUnit4ClassRunner.runChild(BlockJUnit4ClassRunner.java:63)&#13;&#10;&#9;at org.junit.runners.ParentRunner$4.run(ParentRunner.java:331)&#13;&#10;&#9;at org.junit.runners.ParentRunner$1.schedule(ParentRunner.java:79)&#13;&#10;&#9;at org.junit.runners.ParentRunner.runChildren(ParentRunner.java:329)&#13;&#10;&#9;at org.junit.runners.ParentRunner.access$100(ParentRunner.java:66)&#13;&#10;&#9;at org.junit.runners.ParentRunner$2.evaluate(ParentRunner.java:293)&#13;&#10;&#9;at org.junit.runners.ParentRunner$3.evaluate(ParentRunner.java:306)&#13;&#10;&#9;at org.junit.runners.ParentRunner.run(ParentRunner.java:413)&#13;&#10;&#9;at org.eclipse.jdt.internal.junit4.runner.JUnit4TestReference.run(JUnit4TestReference.java:93)&#13;&#10;&#9;at org.eclipse.jdt.internal.junit.runner.TestExecution.run(TestExecution.java:40)&#13;&#10;&#9;at org.eclipse.jdt.internal.junit.runner.RemoteTestRunner.runTests(RemoteTestRunner.java:529)&#13;&#10;&#9;at org.eclipse.jdt.internal.junit.runner.RemoteTestRunner.runTests(RemoteTestRunner.java:756)&#13;&#10;&#9;at org.eclipse.jdt.internal.junit.runner.RemoteTestRunner.run(RemoteTestRunner.java:452)&#13;&#10;&#9;at org.codecover.juniteclipse.runner.EclipseTestRunner.main(EclipseTestRunner.java:40)" Date="1693399669534" Name="exe4.Balance_1_Test:StatementTest">
            <CovList>
                <CovPrefix CovItemPrefix="exe4.Balance.java">
                    <Cov CovItemId="B1" Value="1"/>
                    <Cov CovItemId="B2" Value="1"/>
                    <Cov CovItemId="S1" Value="2"/>
                    <Cov CovItemId="S2" Value="2"/>
                    <Cov CovItemId="S3" Value="2"/>
                    <Cov CovItemId="S4" Value="1"/>
                    <Cov CovItemId="S5" Value="1"/>
                    <Cov CovItemId="S6" Value="2"/>
                </CovPrefix>
            </CovList>
            <AssgnmntList>
                <AssgnmntPrefix RootTermCovItemPrefix="exe4.Balance.java">
                    <AssgnmntListEntry Length="4" RootTermCovItemId="C1">
                        <MapEntry BoolAssgnmnt="1122" Value="1"/>
                        <MapEntry BoolAssgnmnt="0202" Value="1"/>
                    </AssgnmntListEntry>
                </AssgnmntPrefix>
            </AssgnmntList>
            <ObjMetaDataList/>
            <MetaDataList/>
        </TestCase>
        <MetaDataList/>
    </TestSession>
    <TestSession Comment="" Date="1693399704378" Name="30 ago 2023, 14:48:24">
        <TestCase Comment="" Date="1693399704300" Name="exe4.Balance_1_Test:mcdcTest1">
            <CovList>
                <CovPrefix CovItemPrefix="exe4.Balance.java">
                    <Cov CovItemId="B2" Value="1"/>
                    <Cov CovItemId="S1" Value="1"/>
                    <Cov CovItemId="S2" Value="1"/>
                    <Cov CovItemId="S3" Value="1"/>
                    <Cov CovItemId="S5" Value="1"/>
                </CovPrefix>
            </CovList>
            <AssgnmntList>
                <AssgnmntPrefix RootTermCovItemPrefix="exe4.Balance.java">
                    <AssgnmntListEntry Length="4" RootTermCovItemId="C1">
                        <MapEntry BoolAssgnmnt="0202" Value="1"/>
                    </AssgnmntListEntry>
                </AssgnmntPrefix>
            </AssgnmntList>
            <ObjMetaDataList/>
            <MetaDataList/>
        </TestCase>
        <TestCase Comment="" Date="1693399704309" Name="exe4.Balance_1_Test:mcdcTest2">
            <CovList>
                <CovPrefix CovItemPrefix="exe4.Balance.java">
                    <Cov CovItemId="B1" Value="1"/>
                    <Cov CovItemId="S1" Value="1"/>
                    <Cov CovItemId="S2" Value="1"/>
                    <Cov CovItemId="S3" Value="1"/>
                    <Cov CovItemId="S4" Value="1"/>
                </CovPrefix>
            </CovList>
            <AssgnmntList>
                <AssgnmntPrefix RootTermCovItemPrefix="exe4.Balance.java">
                    <AssgnmntListEntry Length="4" RootTermCovItemId="C1">
                        <MapEntry BoolAssgnmnt="1122" Value="1"/>
                    </AssgnmntListEntry>
                </AssgnmntPrefix>
            </AssgnmntList>
            <ObjMetaDataList/>
            <MetaDataList/>
        </TestCase>
        <TestCase Comment="" Date="1693399704312" Name="exe4.Balance_1_Test:mcdcTest3">
            <CovList>
                <CovPrefix CovItemPrefix="exe4.Balance.java">
                    <Cov CovItemId="B2" Value="1"/>
                    <Cov CovItemId="S1" Value="1"/>
                    <Cov CovItemId="S2" Value="1"/>
                    <Cov CovItemId="S3" Value="1"/>
                    <Cov CovItemId="S5" Value="1"/>
                </CovPrefix>
            </CovList>
            <AssgnmntList>
                <AssgnmntPrefix RootTermCovItemPrefix="exe4.Balance.java">
                    <AssgnmntListEntry Length="4" RootTermCovItemId="C1">
                        <MapEntry BoolAssgnmnt="1002" Value="1"/>
                    </AssgnmntListEntry>
                </AssgnmntPrefix>
            </AssgnmntList>
            <ObjMetaDataList/>
            <MetaDataList/>
        </TestCase>
        <TestCase Comment="" Date="1693399704314" Name="exe4.Balance_1_Test:mcdcTest4">
            <CovList>
                <CovPrefix CovItemPrefix="exe4.Balance.java">
                    <Cov CovItemId="B1" Value="1"/>
                    <Cov CovItemId="S1" Value="1"/>
                    <Cov CovItemId="S2" Value="1"/>
                    <Cov CovItemId="S3" Value="1"/>
                    <Cov CovItemId="S4" Value="1"/>
                </CovPrefix>
            </CovList>
            <AssgnmntList>
                <AssgnmntPrefix RootTermCovItemPrefix="exe4.Balance.java">
                    <AssgnmntListEntry Length="4" RootTermCovItemId="C1">
                        <MapEntry BoolAssgnmnt="1011" Value="1"/>
                    </AssgnmntListEntry>
                </AssgnmntPrefix>
            </AssgnmntList>
            <ObjMetaDataList/>
            <MetaDataList/>
        </TestCase>
        <TestCase Comment="" Date="1693399704315" Name="exe4.Balance_1_Test:mcdcTest5">
            <CovList>
                <CovPrefix CovItemPrefix="exe4.Balance.java">
                    <Cov CovItemId="B2" Value="1"/>
                    <Cov CovItemId="S1" Value="1"/>
                    <Cov CovItemId="S2" Value="1"/>
                    <Cov CovItemId="S3" Value="1"/>
                    <Cov CovItemId="S5" Value="1"/>
                </CovPrefix>
            </CovList>
            <AssgnmntList>
                <AssgnmntPrefix RootTermCovItemPrefix="exe4.Balance.java">
                    <AssgnmntListEntry Length="4" RootTermCovItemId="C1">
                        <MapEntry BoolAssgnmnt="1010" Value="1"/>
                    </AssgnmntListEntry>
                </AssgnmntPrefix>
            </AssgnmntList>
            <ObjMetaDataList/>
            <MetaDataList/>
        </TestCase>
        <TestCase Comment="" Date="1693399704317" Name="exe4.Balance_1_Test:StatementTest">
            <CovList>
                <CovPrefix CovItemPrefix="exe4.Balance.java">
                    <Cov CovItemId="B1" Value="1"/>
                    <Cov CovItemId="B2" Value="1"/>
                    <Cov CovItemId="S1" Value="2"/>
                    <Cov CovItemId="S2" Value="2"/>
                    <Cov CovItemId="S3" Value="2"/>
                    <Cov CovItemId="S4" Value="1"/>
                    <Cov CovItemId="S5" Value="1"/>
                    <Cov CovItemId="S6" Value="1"/>
                    <Cov CovItemId="S7" Value="1"/>
                </CovPrefix>
            </CovList>
            <AssgnmntList>
                <AssgnmntPrefix RootTermCovItemPrefix="exe4.Balance.java">
                    <AssgnmntListEntry Length="4" RootTermCovItemId="C1">
                        <MapEntry BoolAssgnmnt="1122" Value="1"/>
                        <MapEntry BoolAssgnmnt="0202" Value="1"/>
                    </AssgnmntListEntry>
                </AssgnmntPrefix>
            </AssgnmntList>
            <ObjMetaDataList/>
            <MetaDataList/>
        </TestCase>
        <MetaDataList/>
    </TestSession>
</TestSessionContainer>
