<?xml version="1.0" encoding="UTF-8"?><TestSessionContainer xmlns="http://www.codecover.org/xml/testsession-container" Date="1678746648897" TestSessionContainerId="3d1f5d9d-07df-4be1-8c36-0e99351b180b" version="1.0">
    <SrcFileList>
        <SrcFile Content="package esercizio2;&#13;&#10;&#13;&#10;public class Light {&#13;&#10;&#13;&#10;&#9;boolean lightOn = false;&#13;&#10;&#9;boolean bottomIn = false;&#13;&#10;&#9;boolean bottomOut = false;&#13;&#10;&#13;&#10;&#9;Light() {&#13;&#10;&#9;}&#13;&#10;&#13;&#10;&#9;public boolean onOff(boolean light, boolean in, boolean out) {&#13;&#10;&#13;&#10;&#9;&#9;this.bottomIn = in;&#13;&#10;&#9;&#9;this.bottomOut = out;&#13;&#10;&#13;&#10;&#9;&#9;if ((bottomIn || bottomOut) &amp;&amp; !light) {&#13;&#10;&#9;&#9;&#9;lightOn = true;&#13;&#10;&#9;&#9;&#9;return true; // luce accesa&#13;&#10;&#9;&#9;} else {&#13;&#10;&#9;&#9;&#9;lightOn = false;&#13;&#10;&#9;&#9;&#9;return false; // luce spenta&#13;&#10;&#9;&#9;}&#13;&#10;&#9;}&#13;&#10;}" Filename="Light.java" Intrnl_Id="1"/>
    </SrcFileList>
    <CritList>
        <CritListEntry Name="org.codecover.model.utils.criteria.LoopCoverage" PluginName="org.codecover"/>
        <CritListEntry Name="org.codecover.model.utils.criteria.QMOCoverage" PluginName="org.codecover"/>
        <CritListEntry Name="org.codecover.model.utils.criteria.ConditionCoverage" PluginName="org.codecover"/>
        <CritListEntry Name="org.codecover.model.utils.criteria.BranchCoverage" PluginName="org.codecover"/>
        <CritListEntry Name="org.codecover.model.utils.criteria.SynchronizedStatementCoverage" PluginName="org.codecover"/>
        <CritListEntry Name="org.codecover.model.utils.criteria.StatementCoverage" PluginName="org.codecover"/>
    </CritList>
    <BoolOpList>
        <BoolOp Arity="2" Intrnl_Id="2" Name="conditional and (&amp;&amp;)">
            <BoolAssgnmntBoolMapList>
                <MapEntry BoolAssgnmnt="02" Value="false"/>
                <MapEntry BoolAssgnmnt="10" Value="false"/>
                <MapEntry BoolAssgnmnt="11" Value="true"/>
            </BoolAssgnmntBoolMapList>
        </BoolOp>
        <BoolOp Arity="2" Intrnl_Id="3" Name="conditional or (||)">
            <BoolAssgnmntBoolMapList>
                <MapEntry BoolAssgnmnt="00" Value="false"/>
                <MapEntry BoolAssgnmnt="01" Value="true"/>
                <MapEntry BoolAssgnmnt="12" Value="true"/>
            </BoolAssgnmntBoolMapList>
        </BoolOp>
        <BoolOp Arity="1" Intrnl_Id="4" Name="not (!)">
            <BoolAssgnmntBoolMapList>
                <MapEntry BoolAssgnmnt="1" Value="false"/>
                <MapEntry BoolAssgnmnt="0" Value="true"/>
            </BoolAssgnmntBoolMapList>
        </BoolOp>
    </BoolOpList>
    <HierarchyLvlTypeList>
        <HierarchyLvlType EnglishName="package" IntrnlName="package" Intrnl_Id="5"/>
        <HierarchyLvlType EnglishName="method" IntrnlName="method" Intrnl_Id="6"/>
        <HierarchyLvlType EnglishName="class" IntrnlName="class" Intrnl_Id="7"/>
        <HierarchyLvlType EnglishName="default package" IntrnlName="default package" Intrnl_Id="8"/>
    </HierarchyLvlTypeList>
    <MASTRoot>
        <HierarchyLvl HierarchyLvlId="17" HierarchyLvlTypeId="8" Intrnl_Id="9" Name="default package">
            <Header/>
            <LocList/>
            <HierarchyLvl HierarchyLvlId="16" HierarchyLvlTypeId="5" Intrnl_Id="10" Name="esercizio2">
                <Header/>
                <LocList/>
                <HierarchyLvl HierarchyLvlId="15" HierarchyLvlTypeId="7" Intrnl_Id="11" Name="Light">
                    <Header>
                        <Loc EndOffset="41" SrcFileId="1" StartOffset="23"/>
                    </Header>
                    <LocList>
                        <Loc EndOffset="440" SrcFileId="1" StartOffset="23"/>
                    </LocList>
                    <StmntSeq Intrnl_Id="12">
                        <LocList>
                            <Loc EndOffset="72" SrcFileId="1" StartOffset="48"/>
                            <Loc EndOffset="100" SrcFileId="1" StartOffset="75"/>
                            <Loc EndOffset="129" SrcFileId="1" StartOffset="103"/>
                        </LocList>
                        <BasicStmnt CovItemId="S1" CovItemPrefix="esercizio2.Light.java" Intrnl_Id="13">
                            <LocList>
                                <Loc EndOffset="72" SrcFileId="1" StartOffset="48"/>
                            </LocList>
                        </BasicStmnt>
                        <BasicStmnt CovItemId="S2" CovItemPrefix="esercizio2.Light.java" Intrnl_Id="14">
                            <LocList>
                                <Loc EndOffset="100" SrcFileId="1" StartOffset="75"/>
                            </LocList>
                        </BasicStmnt>
                        <BasicStmnt CovItemId="S3" CovItemPrefix="esercizio2.Light.java" Intrnl_Id="15">
                            <LocList>
                                <Loc EndOffset="129" SrcFileId="1" StartOffset="103"/>
                            </LocList>
                        </BasicStmnt>
                    </StmntSeq>
                    <HierarchyLvl HierarchyLvlId="13" HierarchyLvlTypeId="6" Intrnl_Id="16" Name="Light">
                        <Header>
                            <Loc EndOffset="141" SrcFileId="1" StartOffset="134"/>
                        </Header>
                        <LocList>
                            <Loc EndOffset="147" SrcFileId="1" StartOffset="134"/>
                        </LocList>
                    </HierarchyLvl>
                    <HierarchyLvl HierarchyLvlId="14" HierarchyLvlTypeId="6" Intrnl_Id="17" Name="onOff">
                        <Header>
                            <Loc EndOffset="212" SrcFileId="1" StartOffset="152"/>
                        </Header>
                        <LocList>
                            <Loc EndOffset="437" SrcFileId="1" StartOffset="152"/>
                        </LocList>
                        <StmntSeq Intrnl_Id="18">
                            <LocList>
                                <Loc EndOffset="239" SrcFileId="1" StartOffset="220"/>
                                <Loc EndOffset="264" SrcFileId="1" StartOffset="243"/>
                                <Loc EndOffset="433" SrcFileId="1" StartOffset="270"/>
                            </LocList>
                            <BasicStmnt CovItemId="S4" CovItemPrefix="esercizio2.Light.java" Intrnl_Id="19">
                                <LocList>
                                    <Loc EndOffset="239" SrcFileId="1" StartOffset="220"/>
                                </LocList>
                            </BasicStmnt>
                            <BasicStmnt CovItemId="S5" CovItemPrefix="esercizio2.Light.java" Intrnl_Id="20">
                                <LocList>
                                    <Loc EndOffset="264" SrcFileId="1" StartOffset="243"/>
                                </LocList>
                            </BasicStmnt>
                            <CondStmnt CovItemId="S6" CovItemPrefix="esercizio2.Light.java" Intrnl_Id="21">
                                <Branch CovItemId="B1" CovItemPrefix="esercizio2.Light.java" Implct="false" Intrnl_Id="22">
                                    <Cond/>
                                    <LocList>
                                        <Loc EndOffset="367" SrcFileId="1" StartOffset="309"/>
                                    </LocList>
                                    <StmntSeq Intrnl_Id="23">
                                        <LocList>
                                            <Loc EndOffset="330" SrcFileId="1" StartOffset="315"/>
                                            <Loc EndOffset="347" SrcFileId="1" StartOffset="335"/>
                                        </LocList>
                                        <BasicStmnt CovItemId="S7" CovItemPrefix="esercizio2.Light.java" Intrnl_Id="24">
                                            <LocList>
                                                <Loc EndOffset="330" SrcFileId="1" StartOffset="315"/>
                                            </LocList>
                                        </BasicStmnt>
                                        <BasicStmnt CovItemId="S8" CovItemPrefix="esercizio2.Light.java" Intrnl_Id="25">
                                            <LocList>
                                                <Loc EndOffset="347" SrcFileId="1" StartOffset="335"/>
                                            </LocList>
                                        </BasicStmnt>
                                    </StmntSeq>
                                </Branch>
                                <Branch CovItemId="B2" CovItemPrefix="esercizio2.Light.java" Implct="false" Intrnl_Id="26">
                                    <Cond>
                                        <Loc EndOffset="372" SrcFileId="1" StartOffset="368"/>
                                    </Cond>
                                    <LocList>
                                        <Loc EndOffset="433" SrcFileId="1" StartOffset="373"/>
                                    </LocList>
                                    <StmntSeq Intrnl_Id="27">
                                        <LocList>
                                            <Loc EndOffset="395" SrcFileId="1" StartOffset="379"/>
                                            <Loc EndOffset="413" SrcFileId="1" StartOffset="400"/>
                                        </LocList>
                                        <BasicStmnt CovItemId="S9" CovItemPrefix="esercizio2.Light.java" Intrnl_Id="28">
                                            <LocList>
                                                <Loc EndOffset="395" SrcFileId="1" StartOffset="379"/>
                                            </LocList>
                                        </BasicStmnt>
                                        <BasicStmnt CovItemId="S10" CovItemPrefix="esercizio2.Light.java" Intrnl_Id="29">
                                            <LocList>
                                                <Loc EndOffset="413" SrcFileId="1" StartOffset="400"/>
                                            </LocList>
                                        </BasicStmnt>
                                    </StmntSeq>
                                </Branch>
                                <Keyword EndOffset="272" SrcFileId="1" StartOffset="270"/>
                                <LocList>
                                    <Loc EndOffset="433" SrcFileId="1" StartOffset="270"/>
                                </LocList>
                                <RootTerm CovItemId="C1" CovItemPrefix="esercizio2.Light.java" Intrnl_Id="30">
                                    <OpTerm BooleanOpId="2" Intrnl_Id="31">
                                        <OpTerm BooleanOpId="3" Intrnl_Id="32">
                                            <BasicBoolTerm Intrnl_Id="33">
                                                <LocList>
                                                    <Loc EndOffset="283" SrcFileId="1" StartOffset="275"/>
                                                </LocList>
                                            </BasicBoolTerm>
                                            <BasicBoolTerm Intrnl_Id="34">
                                                <LocList>
                                                    <Loc EndOffset="296" SrcFileId="1" StartOffset="287"/>
                                                </LocList>
                                            </BasicBoolTerm>
                                            <LocList>
                                                <Loc EndOffset="286" SrcFileId="1" StartOffset="284"/>
                                            </LocList>
                                        </OpTerm>
                                        <OpTerm BooleanOpId="4" Intrnl_Id="35">
                                            <BasicBoolTerm Intrnl_Id="36">
                                                <LocList>
                                                    <Loc EndOffset="307" SrcFileId="1" StartOffset="302"/>
                                                </LocList>
                                            </BasicBoolTerm>
                                            <LocList>
                                                <Loc EndOffset="302" SrcFileId="1" StartOffset="301"/>
                                            </LocList>
                                        </OpTerm>
                                        <LocList>
                                            <Loc EndOffset="300" SrcFileId="1" StartOffset="298"/>
                                        </LocList>
                                    </OpTerm>
                                </RootTerm>
                            </CondStmnt>
                        </StmntSeq>
                    </HierarchyLvl>
                </HierarchyLvl>
            </HierarchyLvl>
        </HierarchyLvl>
    </MASTRoot>
    <TestSession Comment="" Date="1678746784396" Name="13 mar 2023, 23:33:04">
        <TestCase Comment="" Date="1678746784319" Name="esercizio2.testLight:testLight">
            <CovList>
                <CovPrefix CovItemPrefix="esercizio2.Light.java">
                    <Cov CovItemId="S1" Value="1"/>
                    <Cov CovItemId="S2" Value="1"/>
                    <Cov CovItemId="S3" Value="1"/>
                </CovPrefix>
            </CovList>
            <AssgnmntList/>
            <ObjMetaDataList/>
            <MetaDataList/>
        </TestCase>
        <TestCase Comment="" Date="1678746784325" Name="esercizio2.testLight:testStatementCoverageLight">
            <CovList>
                <CovPrefix CovItemPrefix="esercizio2.Light.java">
                    <Cov CovItemId="B1" Value="1"/>
                    <Cov CovItemId="B2" Value="1"/>
                    <Cov CovItemId="S1" Value="2"/>
                    <Cov CovItemId="S10" Value="1"/>
                    <Cov CovItemId="S2" Value="2"/>
                    <Cov CovItemId="S3" Value="2"/>
                    <Cov CovItemId="S4" Value="2"/>
                    <Cov CovItemId="S5" Value="2"/>
                    <Cov CovItemId="S6" Value="2"/>
                    <Cov CovItemId="S7" Value="1"/>
                    <Cov CovItemId="S8" Value="1"/>
                    <Cov CovItemId="S9" Value="1"/>
                </CovPrefix>
            </CovList>
            <AssgnmntList>
                <AssgnmntPrefix RootTermCovItemPrefix="esercizio2.Light.java">
                    <AssgnmntListEntry Length="3" RootTermCovItemId="C1">
                        <MapEntry BoolAssgnmnt="002" Value="1"/>
                        <MapEntry BoolAssgnmnt="010" Value="1"/>
                    </AssgnmntListEntry>
                </AssgnmntPrefix>
            </AssgnmntList>
            <ObjMetaDataList/>
            <MetaDataList/>
        </TestCase>
        <MetaDataList/>
    </TestSession>
    <TestSession Comment="" Date="1678746865316" Name="13 mar 2023, 23:34:25">
        <TestCase Comment="" Date="1678746865262" Name="esercizio2.testLight:testStatementCoverageLight">
            <CovList>
                <CovPrefix CovItemPrefix="esercizio2.Light.java">
                    <Cov CovItemId="B1" Value="1"/>
                    <Cov CovItemId="B2" Value="1"/>
                    <Cov CovItemId="S1" Value="2"/>
                    <Cov CovItemId="S10" Value="1"/>
                    <Cov CovItemId="S2" Value="2"/>
                    <Cov CovItemId="S3" Value="2"/>
                    <Cov CovItemId="S4" Value="2"/>
                    <Cov CovItemId="S5" Value="2"/>
                    <Cov CovItemId="S6" Value="2"/>
                    <Cov CovItemId="S7" Value="1"/>
                    <Cov CovItemId="S8" Value="1"/>
                    <Cov CovItemId="S9" Value="1"/>
                </CovPrefix>
            </CovList>
            <AssgnmntList>
                <AssgnmntPrefix RootTermCovItemPrefix="esercizio2.Light.java">
                    <AssgnmntListEntry Length="3" RootTermCovItemId="C1">
                        <MapEntry BoolAssgnmnt="002" Value="1"/>
                        <MapEntry BoolAssgnmnt="010" Value="1"/>
                    </AssgnmntListEntry>
                </AssgnmntPrefix>
            </AssgnmntList>
            <ObjMetaDataList/>
            <MetaDataList/>
        </TestCase>
        <MetaDataList/>
    </TestSession>
    <TestSession Comment="" Date="1678747139881" Name="13 mar 2023, 23:38:59">
        <TestCase Comment="" Date="1678747139798" Name="esercizio2.testLight:testLight">
            <CovList>
                <CovPrefix CovItemPrefix="esercizio2.Light.java">
                    <Cov CovItemId="S1" Value="1"/>
                    <Cov CovItemId="S2" Value="1"/>
                    <Cov CovItemId="S3" Value="1"/>
                </CovPrefix>
            </CovList>
            <AssgnmntList/>
            <ObjMetaDataList/>
            <MetaDataList/>
        </TestCase>
        <TestCase Comment="Failure&#10;java.lang.AssertionError&#13;&#10;&#9;at org.junit.Assert.fail(Assert.java:87)&#13;&#10;&#9;at org.junit.Assert.assertTrue(Assert.java:42)&#13;&#10;&#9;at org.junit.Assert.assertTrue(Assert.java:53)&#13;&#10;&#9;at esercizio2.testLight.testStatementCoverageLight(testLight.java:26)&#13;&#10;&#9;at java.base/jdk.internal.reflect.NativeMethodAccessorImpl.invoke0(Native Method)&#13;&#10;&#9;at java.base/jdk.internal.reflect.NativeMethodAccessorImpl.invoke(NativeMethodAccessorImpl.java:77)&#13;&#10;&#9;at java.base/jdk.internal.reflect.DelegatingMethodAccessorImpl.invoke(DelegatingMethodAccessorImpl.java:43)&#13;&#10;&#9;at java.base/java.lang.reflect.Method.invoke(Method.java:568)&#13;&#10;&#9;at org.junit.runners.model.FrameworkMethod$1.runReflectiveCall(FrameworkMethod.java:59)&#13;&#10;&#9;at org.junit.internal.runners.model.ReflectiveCallable.run(ReflectiveCallable.java:12)&#13;&#10;&#9;at org.junit.runners.model.FrameworkMethod.invokeExplosively(FrameworkMethod.java:56)&#13;&#10;&#9;at org.junit.internal.runners.statements.InvokeMethod.evaluate(InvokeMethod.java:17)&#13;&#10;&#9;at org.junit.runners.ParentRunner$3.evaluate(ParentRunner.java:306)&#13;&#10;&#9;at org.junit.runners.BlockJUnit4ClassRunner$1.evaluate(BlockJUnit4ClassRunner.java:100)&#13;&#10;&#9;at org.junit.runners.ParentRunner.runLeaf(ParentRunner.java:366)&#13;&#10;&#9;at org.junit.runners.BlockJUnit4ClassRunner.runChild(BlockJUnit4ClassRunner.java:103)&#13;&#10;&#9;at org.junit.runners.BlockJUnit4ClassRunner.runChild(BlockJUnit4ClassRunner.java:63)&#13;&#10;&#9;at org.junit.runners.ParentRunner$4.run(ParentRunner.java:331)&#13;&#10;&#9;at org.junit.runners.ParentRunner$1.schedule(ParentRunner.java:79)&#13;&#10;&#9;at org.junit.runners.ParentRunner.runChildren(ParentRunner.java:329)&#13;&#10;&#9;at org.junit.runners.ParentRunner.access$100(ParentRunner.java:66)&#13;&#10;&#9;at org.junit.runners.ParentRunner$2.evaluate(ParentRunner.java:293)&#13;&#10;&#9;at org.junit.runners.ParentRunner$3.evaluate(ParentRunner.java:306)&#13;&#10;&#9;at org.junit.runners.ParentRunner.run(ParentRunner.java:413)&#13;&#10;&#9;at org.eclipse.jdt.internal.junit4.runner.JUnit4TestReference.run(JUnit4TestReference.java:93)&#13;&#10;&#9;at org.eclipse.jdt.internal.junit.runner.TestExecution.run(TestExecution.java:40)&#13;&#10;&#9;at org.eclipse.jdt.internal.junit.runner.RemoteTestRunner.runTests(RemoteTestRunner.java:529)&#13;&#10;&#9;at org.eclipse.jdt.internal.junit.runner.RemoteTestRunner.runTests(RemoteTestRunner.java:756)&#13;&#10;&#9;at org.eclipse.jdt.internal.junit.runner.RemoteTestRunner.run(RemoteTestRunner.java:452)&#13;&#10;&#9;at org.codecover.juniteclipse.runner.EclipseTestRunner.main(EclipseTestRunner.java:40)" Date="1678747139802" Name="esercizio2.testLight:testStatementCoverageLight">
            <CovList>
                <CovPrefix CovItemPrefix="esercizio2.Light.java">
                    <Cov CovItemId="B1" Value="1"/>
                    <Cov CovItemId="B2" Value="2"/>
                    <Cov CovItemId="S1" Value="3"/>
                    <Cov CovItemId="S10" Value="2"/>
                    <Cov CovItemId="S2" Value="3"/>
                    <Cov CovItemId="S3" Value="3"/>
                    <Cov CovItemId="S4" Value="3"/>
                    <Cov CovItemId="S5" Value="3"/>
                    <Cov CovItemId="S6" Value="3"/>
                    <Cov CovItemId="S7" Value="1"/>
                    <Cov CovItemId="S8" Value="1"/>
                    <Cov CovItemId="S9" Value="2"/>
                </CovPrefix>
            </CovList>
            <AssgnmntList>
                <AssgnmntPrefix RootTermCovItemPrefix="esercizio2.Light.java">
                    <AssgnmntListEntry Length="3" RootTermCovItemId="C1">
                        <MapEntry BoolAssgnmnt="002" Value="1"/>
                        <MapEntry BoolAssgnmnt="010" Value="1"/>
                        <MapEntry BoolAssgnmnt="011" Value="1"/>
                    </AssgnmntListEntry>
                </AssgnmntPrefix>
            </AssgnmntList>
            <ObjMetaDataList/>
            <MetaDataList/>
        </TestCase>
        <MetaDataList/>
    </TestSession>
    <TestSession Comment="" Date="1678747322559" Name="13 mar 2023, 23:42:02">
        <TestCase Comment="" Date="1678747322475" Name="esercizio2.testLight:testLight">
            <CovList>
                <CovPrefix CovItemPrefix="esercizio2.Light.java">
                    <Cov CovItemId="S1" Value="1"/>
                    <Cov CovItemId="S2" Value="1"/>
                    <Cov CovItemId="S3" Value="1"/>
                </CovPrefix>
            </CovList>
            <AssgnmntList/>
            <ObjMetaDataList/>
            <MetaDataList/>
        </TestCase>
        <TestCase Comment="" Date="1678747322483" Name="esercizio2.testLight:testStatementCoverageLight">
            <CovList>
                <CovPrefix CovItemPrefix="esercizio2.Light.java">
                    <Cov CovItemId="B1" Value="1"/>
                    <Cov CovItemId="B2" Value="1"/>
                    <Cov CovItemId="S1" Value="2"/>
                    <Cov CovItemId="S10" Value="1"/>
                    <Cov CovItemId="S2" Value="2"/>
                    <Cov CovItemId="S3" Value="2"/>
                    <Cov CovItemId="S4" Value="2"/>
                    <Cov CovItemId="S5" Value="2"/>
                    <Cov CovItemId="S6" Value="2"/>
                    <Cov CovItemId="S7" Value="1"/>
                    <Cov CovItemId="S8" Value="1"/>
                    <Cov CovItemId="S9" Value="1"/>
                </CovPrefix>
            </CovList>
            <AssgnmntList>
                <AssgnmntPrefix RootTermCovItemPrefix="esercizio2.Light.java">
                    <AssgnmntListEntry Length="3" RootTermCovItemId="C1">
                        <MapEntry BoolAssgnmnt="002" Value="1"/>
                        <MapEntry BoolAssgnmnt="010" Value="1"/>
                    </AssgnmntListEntry>
                </AssgnmntPrefix>
            </AssgnmntList>
            <ObjMetaDataList/>
            <MetaDataList/>
        </TestCase>
        <TestCase Comment="Failure&#10;java.lang.AssertionError&#13;&#10;&#9;at org.junit.Assert.fail(Assert.java:87)&#13;&#10;&#9;at org.junit.Assert.assertTrue(Assert.java:42)&#13;&#10;&#9;at org.junit.Assert.assertTrue(Assert.java:53)&#13;&#10;&#9;at esercizio2.testLight.testConditionCoverageLight(testLight.java:29)&#13;&#10;&#9;at java.base/jdk.internal.reflect.NativeMethodAccessorImpl.invoke0(Native Method)&#13;&#10;&#9;at java.base/jdk.internal.reflect.NativeMethodAccessorImpl.invoke(NativeMethodAccessorImpl.java:77)&#13;&#10;&#9;at java.base/jdk.internal.reflect.DelegatingMethodAccessorImpl.invoke(DelegatingMethodAccessorImpl.java:43)&#13;&#10;&#9;at java.base/java.lang.reflect.Method.invoke(Method.java:568)&#13;&#10;&#9;at org.junit.runners.model.FrameworkMethod$1.runReflectiveCall(FrameworkMethod.java:59)&#13;&#10;&#9;at org.junit.internal.runners.model.ReflectiveCallable.run(ReflectiveCallable.java:12)&#13;&#10;&#9;at org.junit.runners.model.FrameworkMethod.invokeExplosively(FrameworkMethod.java:56)&#13;&#10;&#9;at org.junit.internal.runners.statements.InvokeMethod.evaluate(InvokeMethod.java:17)&#13;&#10;&#9;at org.junit.runners.ParentRunner$3.evaluate(ParentRunner.java:306)&#13;&#10;&#9;at org.junit.runners.BlockJUnit4ClassRunner$1.evaluate(BlockJUnit4ClassRunner.java:100)&#13;&#10;&#9;at org.junit.runners.ParentRunner.runLeaf(ParentRunner.java:366)&#13;&#10;&#9;at org.junit.runners.BlockJUnit4ClassRunner.runChild(BlockJUnit4ClassRunner.java:103)&#13;&#10;&#9;at org.junit.runners.BlockJUnit4ClassRunner.runChild(BlockJUnit4ClassRunner.java:63)&#13;&#10;&#9;at org.junit.runners.ParentRunner$4.run(ParentRunner.java:331)&#13;&#10;&#9;at org.junit.runners.ParentRunner$1.schedule(ParentRunner.java:79)&#13;&#10;&#9;at org.junit.runners.ParentRunner.runChildren(ParentRunner.java:329)&#13;&#10;&#9;at org.junit.runners.ParentRunner.access$100(ParentRunner.java:66)&#13;&#10;&#9;at org.junit.runners.ParentRunner$2.evaluate(ParentRunner.java:293)&#13;&#10;&#9;at org.junit.runners.ParentRunner$3.evaluate(ParentRunner.java:306)&#13;&#10;&#9;at org.junit.runners.ParentRunner.run(ParentRunner.java:413)&#13;&#10;&#9;at org.eclipse.jdt.internal.junit4.runner.JUnit4TestReference.run(JUnit4TestReference.java:93)&#13;&#10;&#9;at org.eclipse.jdt.internal.junit.runner.TestExecution.run(TestExecution.java:40)&#13;&#10;&#9;at org.eclipse.jdt.internal.junit.runner.RemoteTestRunner.runTests(RemoteTestRunner.java:529)&#13;&#10;&#9;at org.eclipse.jdt.internal.junit.runner.RemoteTestRunner.runTests(RemoteTestRunner.java:756)&#13;&#10;&#9;at org.eclipse.jdt.internal.junit.runner.RemoteTestRunner.run(RemoteTestRunner.java:452)&#13;&#10;&#9;at org.codecover.juniteclipse.runner.EclipseTestRunner.main(EclipseTestRunner.java:40)" Date="1678747322486" Name="esercizio2.testLight:testConditionCoverageLight">
            <CovList>
                <CovPrefix CovItemPrefix="esercizio2.Light.java">
                    <Cov CovItemId="B2" Value="1"/>
                    <Cov CovItemId="S1" Value="1"/>
                    <Cov CovItemId="S10" Value="1"/>
                    <Cov CovItemId="S2" Value="1"/>
                    <Cov CovItemId="S3" Value="1"/>
                    <Cov CovItemId="S4" Value="1"/>
                    <Cov CovItemId="S5" Value="1"/>
                    <Cov CovItemId="S6" Value="1"/>
                    <Cov CovItemId="S9" Value="1"/>
                </CovPrefix>
            </CovList>
            <AssgnmntList>
                <AssgnmntPrefix RootTermCovItemPrefix="esercizio2.Light.java">
                    <AssgnmntListEntry Length="3" RootTermCovItemId="C1">
                        <MapEntry BoolAssgnmnt="011" Value="1"/>
                    </AssgnmntListEntry>
                </AssgnmntPrefix>
            </AssgnmntList>
            <ObjMetaDataList/>
            <MetaDataList/>
        </TestCase>
        <MetaDataList/>
    </TestSession>
    <TestSession Comment="" Date="1678747436127" Name="13 mar 2023, 23:43:56">
        <TestCase Comment="" Date="1678747436074" Name="esercizio2.testLight:testLight">
            <CovList>
                <CovPrefix CovItemPrefix="esercizio2.Light.java">
                    <Cov CovItemId="S1" Value="1"/>
                    <Cov CovItemId="S2" Value="1"/>
                    <Cov CovItemId="S3" Value="1"/>
                </CovPrefix>
            </CovList>
            <AssgnmntList/>
            <ObjMetaDataList/>
            <MetaDataList/>
        </TestCase>
        <TestCase Comment="" Date="1678747436080" Name="esercizio2.testLight:testStatementCoverageLight">
            <CovList>
                <CovPrefix CovItemPrefix="esercizio2.Light.java">
                    <Cov CovItemId="B1" Value="1"/>
                    <Cov CovItemId="B2" Value="1"/>
                    <Cov CovItemId="S1" Value="2"/>
                    <Cov CovItemId="S10" Value="1"/>
                    <Cov CovItemId="S2" Value="2"/>
                    <Cov CovItemId="S3" Value="2"/>
                    <Cov CovItemId="S4" Value="2"/>
                    <Cov CovItemId="S5" Value="2"/>
                    <Cov CovItemId="S6" Value="2"/>
                    <Cov CovItemId="S7" Value="1"/>
                    <Cov CovItemId="S8" Value="1"/>
                    <Cov CovItemId="S9" Value="1"/>
                </CovPrefix>
            </CovList>
            <AssgnmntList>
                <AssgnmntPrefix RootTermCovItemPrefix="esercizio2.Light.java">
                    <AssgnmntListEntry Length="3" RootTermCovItemId="C1">
                        <MapEntry BoolAssgnmnt="002" Value="1"/>
                        <MapEntry BoolAssgnmnt="010" Value="1"/>
                    </AssgnmntListEntry>
                </AssgnmntPrefix>
            </AssgnmntList>
            <ObjMetaDataList/>
            <MetaDataList/>
        </TestCase>
        <TestCase Comment="" Date="1678747436084" Name="esercizio2.testLight:testConditionCoverageLight">
            <CovList>
                <CovPrefix CovItemPrefix="esercizio2.Light.java">
                    <Cov CovItemId="B1" Value="1"/>
                    <Cov CovItemId="S1" Value="1"/>
                    <Cov CovItemId="S2" Value="1"/>
                    <Cov CovItemId="S3" Value="1"/>
                    <Cov CovItemId="S4" Value="1"/>
                    <Cov CovItemId="S5" Value="1"/>
                    <Cov CovItemId="S6" Value="1"/>
                    <Cov CovItemId="S7" Value="1"/>
                    <Cov CovItemId="S8" Value="1"/>
                </CovPrefix>
            </CovList>
            <AssgnmntList>
                <AssgnmntPrefix RootTermCovItemPrefix="esercizio2.Light.java">
                    <AssgnmntListEntry Length="3" RootTermCovItemId="C1">
                        <MapEntry BoolAssgnmnt="120" Value="1"/>
                    </AssgnmntListEntry>
                </AssgnmntPrefix>
            </AssgnmntList>
            <ObjMetaDataList/>
            <MetaDataList/>
        </TestCase>
        <MetaDataList/>
    </TestSession>
    <TestSession Comment="" Date="1678747484444" Name="13 mar 2023, 23:44:44">
        <TestCase Comment="" Date="1678747484384" Name="esercizio2.testLight:testLight">
            <CovList>
                <CovPrefix CovItemPrefix="esercizio2.Light.java">
                    <Cov CovItemId="S1" Value="1"/>
                    <Cov CovItemId="S2" Value="1"/>
                    <Cov CovItemId="S3" Value="1"/>
                </CovPrefix>
            </CovList>
            <AssgnmntList/>
            <ObjMetaDataList/>
            <MetaDataList/>
        </TestCase>
        <TestCase Comment="" Date="1678747484392" Name="esercizio2.testLight:testStatementCoverageLight">
            <CovList>
                <CovPrefix CovItemPrefix="esercizio2.Light.java">
                    <Cov CovItemId="B1" Value="1"/>
                    <Cov CovItemId="B2" Value="1"/>
                    <Cov CovItemId="S1" Value="2"/>
                    <Cov CovItemId="S10" Value="1"/>
                    <Cov CovItemId="S2" Value="2"/>
                    <Cov CovItemId="S3" Value="2"/>
                    <Cov CovItemId="S4" Value="2"/>
                    <Cov CovItemId="S5" Value="2"/>
                    <Cov CovItemId="S6" Value="2"/>
                    <Cov CovItemId="S7" Value="1"/>
                    <Cov CovItemId="S8" Value="1"/>
                    <Cov CovItemId="S9" Value="1"/>
                </CovPrefix>
            </CovList>
            <AssgnmntList>
                <AssgnmntPrefix RootTermCovItemPrefix="esercizio2.Light.java">
                    <AssgnmntListEntry Length="3" RootTermCovItemId="C1">
                        <MapEntry BoolAssgnmnt="002" Value="1"/>
                        <MapEntry BoolAssgnmnt="010" Value="1"/>
                    </AssgnmntListEntry>
                </AssgnmntPrefix>
            </AssgnmntList>
            <ObjMetaDataList/>
            <MetaDataList/>
        </TestCase>
        <TestCase Comment="Failure&#10;java.lang.AssertionError&#13;&#10;&#9;at org.junit.Assert.fail(Assert.java:87)&#13;&#10;&#9;at org.junit.Assert.assertTrue(Assert.java:42)&#13;&#10;&#9;at org.junit.Assert.assertTrue(Assert.java:53)&#13;&#10;&#9;at esercizio2.testLight.testConditionCoverageLight(testLight.java:29)&#13;&#10;&#9;at java.base/jdk.internal.reflect.NativeMethodAccessorImpl.invoke0(Native Method)&#13;&#10;&#9;at java.base/jdk.internal.reflect.NativeMethodAccessorImpl.invoke(NativeMethodAccessorImpl.java:77)&#13;&#10;&#9;at java.base/jdk.internal.reflect.DelegatingMethodAccessorImpl.invoke(DelegatingMethodAccessorImpl.java:43)&#13;&#10;&#9;at java.base/java.lang.reflect.Method.invoke(Method.java:568)&#13;&#10;&#9;at org.junit.runners.model.FrameworkMethod$1.runReflectiveCall(FrameworkMethod.java:59)&#13;&#10;&#9;at org.junit.internal.runners.model.ReflectiveCallable.run(ReflectiveCallable.java:12)&#13;&#10;&#9;at org.junit.runners.model.FrameworkMethod.invokeExplosively(FrameworkMethod.java:56)&#13;&#10;&#9;at org.junit.internal.runners.statements.InvokeMethod.evaluate(InvokeMethod.java:17)&#13;&#10;&#9;at org.junit.runners.ParentRunner$3.evaluate(ParentRunner.java:306)&#13;&#10;&#9;at org.junit.runners.BlockJUnit4ClassRunner$1.evaluate(BlockJUnit4ClassRunner.java:100)&#13;&#10;&#9;at org.junit.runners.ParentRunner.runLeaf(ParentRunner.java:366)&#13;&#10;&#9;at org.junit.runners.BlockJUnit4ClassRunner.runChild(BlockJUnit4ClassRunner.java:103)&#13;&#10;&#9;at org.junit.runners.BlockJUnit4ClassRunner.runChild(BlockJUnit4ClassRunner.java:63)&#13;&#10;&#9;at org.junit.runners.ParentRunner$4.run(ParentRunner.java:331)&#13;&#10;&#9;at org.junit.runners.ParentRunner$1.schedule(ParentRunner.java:79)&#13;&#10;&#9;at org.junit.runners.ParentRunner.runChildren(ParentRunner.java:329)&#13;&#10;&#9;at org.junit.runners.ParentRunner.access$100(ParentRunner.java:66)&#13;&#10;&#9;at org.junit.runners.ParentRunner$2.evaluate(ParentRunner.java:293)&#13;&#10;&#9;at org.junit.runners.ParentRunner$3.evaluate(ParentRunner.java:306)&#13;&#10;&#9;at org.junit.runners.ParentRunner.run(ParentRunner.java:413)&#13;&#10;&#9;at org.eclipse.jdt.internal.junit4.runner.JUnit4TestReference.run(JUnit4TestReference.java:93)&#13;&#10;&#9;at org.eclipse.jdt.internal.junit.runner.TestExecution.run(TestExecution.java:40)&#13;&#10;&#9;at org.eclipse.jdt.internal.junit.runner.RemoteTestRunner.runTests(RemoteTestRunner.java:529)&#13;&#10;&#9;at org.eclipse.jdt.internal.junit.runner.RemoteTestRunner.runTests(RemoteTestRunner.java:756)&#13;&#10;&#9;at org.eclipse.jdt.internal.junit.runner.RemoteTestRunner.run(RemoteTestRunner.java:452)&#13;&#10;&#9;at org.codecover.juniteclipse.runner.EclipseTestRunner.main(EclipseTestRunner.java:40)" Date="1678747484394" Name="esercizio2.testLight:testConditionCoverageLight">
            <CovList>
                <CovPrefix CovItemPrefix="esercizio2.Light.java">
                    <Cov CovItemId="B2" Value="1"/>
                    <Cov CovItemId="S1" Value="1"/>
                    <Cov CovItemId="S10" Value="1"/>
                    <Cov CovItemId="S2" Value="1"/>
                    <Cov CovItemId="S3" Value="1"/>
                    <Cov CovItemId="S4" Value="1"/>
                    <Cov CovItemId="S5" Value="1"/>
                    <Cov CovItemId="S6" Value="1"/>
                    <Cov CovItemId="S9" Value="1"/>
                </CovPrefix>
            </CovList>
            <AssgnmntList>
                <AssgnmntPrefix RootTermCovItemPrefix="esercizio2.Light.java">
                    <AssgnmntListEntry Length="3" RootTermCovItemId="C1">
                        <MapEntry BoolAssgnmnt="121" Value="1"/>
                    </AssgnmntListEntry>
                </AssgnmntPrefix>
            </AssgnmntList>
            <ObjMetaDataList/>
            <MetaDataList/>
        </TestCase>
        <MetaDataList/>
    </TestSession>
    <TestSession Comment="" Date="1678747503877" Name="13 mar 2023, 23:45:03">
        <TestCase Comment="" Date="1678747503800" Name="esercizio2.testLight:testLight">
            <CovList>
                <CovPrefix CovItemPrefix="esercizio2.Light.java">
                    <Cov CovItemId="S1" Value="1"/>
                    <Cov CovItemId="S2" Value="1"/>
                    <Cov CovItemId="S3" Value="1"/>
                </CovPrefix>
            </CovList>
            <AssgnmntList/>
            <ObjMetaDataList/>
            <MetaDataList/>
        </TestCase>
        <TestCase Comment="" Date="1678747503808" Name="esercizio2.testLight:testStatementCoverageLight">
            <CovList>
                <CovPrefix CovItemPrefix="esercizio2.Light.java">
                    <Cov CovItemId="B1" Value="1"/>
                    <Cov CovItemId="B2" Value="1"/>
                    <Cov CovItemId="S1" Value="2"/>
                    <Cov CovItemId="S10" Value="1"/>
                    <Cov CovItemId="S2" Value="2"/>
                    <Cov CovItemId="S3" Value="2"/>
                    <Cov CovItemId="S4" Value="2"/>
                    <Cov CovItemId="S5" Value="2"/>
                    <Cov CovItemId="S6" Value="2"/>
                    <Cov CovItemId="S7" Value="1"/>
                    <Cov CovItemId="S8" Value="1"/>
                    <Cov CovItemId="S9" Value="1"/>
                </CovPrefix>
            </CovList>
            <AssgnmntList>
                <AssgnmntPrefix RootTermCovItemPrefix="esercizio2.Light.java">
                    <AssgnmntListEntry Length="3" RootTermCovItemId="C1">
                        <MapEntry BoolAssgnmnt="002" Value="1"/>
                        <MapEntry BoolAssgnmnt="010" Value="1"/>
                    </AssgnmntListEntry>
                </AssgnmntPrefix>
            </AssgnmntList>
            <ObjMetaDataList/>
            <MetaDataList/>
        </TestCase>
        <TestCase Comment="" Date="1678747503813" Name="esercizio2.testLight:testConditionCoverageLight">
            <CovList>
                <CovPrefix CovItemPrefix="esercizio2.Light.java">
                    <Cov CovItemId="B2" Value="1"/>
                    <Cov CovItemId="S1" Value="1"/>
                    <Cov CovItemId="S10" Value="1"/>
                    <Cov CovItemId="S2" Value="1"/>
                    <Cov CovItemId="S3" Value="1"/>
                    <Cov CovItemId="S4" Value="1"/>
                    <Cov CovItemId="S5" Value="1"/>
                    <Cov CovItemId="S6" Value="1"/>
                    <Cov CovItemId="S9" Value="1"/>
                </CovPrefix>
            </CovList>
            <AssgnmntList>
                <AssgnmntPrefix RootTermCovItemPrefix="esercizio2.Light.java">
                    <AssgnmntListEntry Length="3" RootTermCovItemId="C1">
                        <MapEntry BoolAssgnmnt="121" Value="1"/>
                    </AssgnmntListEntry>
                </AssgnmntPrefix>
            </AssgnmntList>
            <ObjMetaDataList/>
            <MetaDataList/>
        </TestCase>
        <MetaDataList/>
    </TestSession>
    <TestSession Comment="" Date="1678747674676" Name="13 mar 2023, 23:47:54">
        <TestCase Comment="" Date="1678747674627" Name="esercizio2.testLight:testLight">
            <CovList>
                <CovPrefix CovItemPrefix="esercizio2.Light.java">
                    <Cov CovItemId="S1" Value="1"/>
                    <Cov CovItemId="S2" Value="1"/>
                    <Cov CovItemId="S3" Value="1"/>
                </CovPrefix>
            </CovList>
            <AssgnmntList/>
            <ObjMetaDataList/>
            <MetaDataList/>
        </TestCase>
        <TestCase Comment="" Date="1678747674634" Name="esercizio2.testLight:testStatementCoverageLight">
            <CovList>
                <CovPrefix CovItemPrefix="esercizio2.Light.java">
                    <Cov CovItemId="B1" Value="1"/>
                    <Cov CovItemId="B2" Value="1"/>
                    <Cov CovItemId="S1" Value="2"/>
                    <Cov CovItemId="S10" Value="1"/>
                    <Cov CovItemId="S2" Value="2"/>
                    <Cov CovItemId="S3" Value="2"/>
                    <Cov CovItemId="S4" Value="2"/>
                    <Cov CovItemId="S5" Value="2"/>
                    <Cov CovItemId="S6" Value="2"/>
                    <Cov CovItemId="S7" Value="1"/>
                    <Cov CovItemId="S8" Value="1"/>
                    <Cov CovItemId="S9" Value="1"/>
                </CovPrefix>
            </CovList>
            <AssgnmntList>
                <AssgnmntPrefix RootTermCovItemPrefix="esercizio2.Light.java">
                    <AssgnmntListEntry Length="3" RootTermCovItemId="C1">
                        <MapEntry BoolAssgnmnt="002" Value="1"/>
                        <MapEntry BoolAssgnmnt="010" Value="1"/>
                    </AssgnmntListEntry>
                </AssgnmntPrefix>
            </AssgnmntList>
            <ObjMetaDataList/>
            <MetaDataList/>
        </TestCase>
        <TestCase Comment="" Date="1678747674637" Name="esercizio2.testLight:testConditionCoverageLight">
            <CovList>
                <CovPrefix CovItemPrefix="esercizio2.Light.java">
                    <Cov CovItemId="B1" Value="1"/>
                    <Cov CovItemId="B2" Value="1"/>
                    <Cov CovItemId="S1" Value="2"/>
                    <Cov CovItemId="S10" Value="1"/>
                    <Cov CovItemId="S2" Value="2"/>
                    <Cov CovItemId="S3" Value="2"/>
                    <Cov CovItemId="S4" Value="2"/>
                    <Cov CovItemId="S5" Value="2"/>
                    <Cov CovItemId="S6" Value="2"/>
                    <Cov CovItemId="S7" Value="1"/>
                    <Cov CovItemId="S8" Value="1"/>
                    <Cov CovItemId="S9" Value="1"/>
                </CovPrefix>
            </CovList>
            <AssgnmntList>
                <AssgnmntPrefix RootTermCovItemPrefix="esercizio2.Light.java">
                    <AssgnmntListEntry Length="3" RootTermCovItemId="C1">
                        <MapEntry BoolAssgnmnt="120" Value="1"/>
                        <MapEntry BoolAssgnmnt="121" Value="1"/>
                    </AssgnmntListEntry>
                </AssgnmntPrefix>
            </AssgnmntList>
            <ObjMetaDataList/>
            <MetaDataList/>
        </TestCase>
        <MetaDataList/>
    </TestSession>
</TestSessionContainer>
