<?xml version="1.0" encoding="UTF-8"?><TestSessionContainer xmlns="http://www.codecover.org/xml/testsession-container" Date="1693394491309" TestSessionContainerId="4b441530-eed8-41b9-8bdc-8d320cd67fa8" version="1.0">
    <SrcFileList>
        <SrcFile Content="package exe3;&#13;&#10;&#13;&#10;public class Computer {&#13;&#10;&#13;&#10;&#9;boolean Compute(boolean x, boolean y, boolean z, int temp, int thresh) {&#13;&#10;&#9;&#9;boolean no_alarm;&#13;&#10;&#9;&#9;if (temp &lt;= thresh) {&#13;&#10;&#9;&#9;&#9;no_alarm = true;&#13;&#10;&#9;&#9;} else {&#13;&#10;&#9;&#9;&#9;no_alarm = false;&#13;&#10;&#9;&#9;}&#13;&#10;&#9;&#9;if ((x &amp;&amp; (y || z)) &amp;&amp; no_alarm)&#13;&#10;&#9;&#9;&#9;return true;&#13;&#10;&#9;&#9;else&#13;&#10;&#9;&#9;&#9;return false;&#13;&#10;&#9;}&#13;&#10;&#9;&#13;&#10;}" Filename="Computer.java" Intrnl_Id="1"/>
    </SrcFileList>
    <CritList>
        <CritListEntry Name="org.codecover.model.utils.criteria.LoopCoverage" PluginName="org.codecover"/>
        <CritListEntry Name="org.codecover.model.utils.criteria.QMOCoverage" PluginName="org.codecover"/>
        <CritListEntry Name="org.codecover.model.utils.criteria.ConditionCoverage" PluginName="org.codecover"/>
        <CritListEntry Name="org.codecover.model.utils.criteria.BranchCoverage" PluginName="org.codecover"/>
        <CritListEntry Name="org.codecover.model.utils.criteria.SynchronizedStatementCoverage" PluginName="org.codecover"/>
        <CritListEntry Name="org.codecover.model.utils.criteria.StatementCoverage" PluginName="org.codecover"/>
    </CritList>
    <BoolOpList>
        <BoolOp Arity="2" Intrnl_Id="2" Name="conditional and (&amp;&amp;)">
            <BoolAssgnmntBoolMapList>
                <MapEntry BoolAssgnmnt="02" Value="false"/>
                <MapEntry BoolAssgnmnt="10" Value="false"/>
                <MapEntry BoolAssgnmnt="11" Value="true"/>
            </BoolAssgnmntBoolMapList>
        </BoolOp>
        <BoolOp Arity="2" Intrnl_Id="3" Name="conditional or (||)">
            <BoolAssgnmntBoolMapList>
                <MapEntry BoolAssgnmnt="00" Value="false"/>
                <MapEntry BoolAssgnmnt="01" Value="true"/>
                <MapEntry BoolAssgnmnt="12" Value="true"/>
            </BoolAssgnmntBoolMapList>
        </BoolOp>
    </BoolOpList>
    <HierarchyLvlTypeList>
        <HierarchyLvlType EnglishName="package" IntrnlName="package" Intrnl_Id="4"/>
        <HierarchyLvlType EnglishName="method" IntrnlName="method" Intrnl_Id="5"/>
        <HierarchyLvlType EnglishName="class" IntrnlName="class" Intrnl_Id="6"/>
        <HierarchyLvlType EnglishName="default package" IntrnlName="default package" Intrnl_Id="7"/>
    </HierarchyLvlTypeList>
    <MASTRoot>
        <HierarchyLvl HierarchyLvlId="125" HierarchyLvlTypeId="7" Intrnl_Id="8" Name="default package">
            <Header/>
            <LocList/>
            <HierarchyLvl HierarchyLvlId="124" HierarchyLvlTypeId="4" Intrnl_Id="9" Name="exe3">
                <Header/>
                <LocList/>
                <HierarchyLvl HierarchyLvlId="123" HierarchyLvlTypeId="6" Intrnl_Id="10" Name="Computer">
                    <Header>
                        <Loc EndOffset="38" SrcFileId="1" StartOffset="17"/>
                    </Header>
                    <LocList>
                        <Loc EndOffset="312" SrcFileId="1" StartOffset="17"/>
                    </LocList>
                    <HierarchyLvl HierarchyLvlId="122" HierarchyLvlTypeId="5" Intrnl_Id="11" Name="Compute">
                        <Header>
                            <Loc EndOffset="115" SrcFileId="1" StartOffset="45"/>
                        </Header>
                        <LocList>
                            <Loc EndOffset="306" SrcFileId="1" StartOffset="45"/>
                        </LocList>
                        <StmntSeq Intrnl_Id="12">
                            <LocList>
                                <Loc EndOffset="223" SrcFileId="1" StartOffset="142"/>
                                <Loc EndOffset="302" SrcFileId="1" StartOffset="227"/>
                            </LocList>
                            <CondStmnt CovItemId="S1" CovItemPrefix="exe3.Computer.java" Intrnl_Id="13">
                                <Branch CovItemId="B1" CovItemPrefix="exe3.Computer.java" Implct="false" Intrnl_Id="14">
                                    <Cond/>
                                    <LocList>
                                        <Loc EndOffset="189" SrcFileId="1" StartOffset="162"/>
                                    </LocList>
                                    <StmntSeq Intrnl_Id="15">
                                        <LocList>
                                            <Loc EndOffset="184" SrcFileId="1" StartOffset="168"/>
                                        </LocList>
                                        <BasicStmnt CovItemId="S2" CovItemPrefix="exe3.Computer.java" Intrnl_Id="16">
                                            <LocList>
                                                <Loc EndOffset="184" SrcFileId="1" StartOffset="168"/>
                                            </LocList>
                                        </BasicStmnt>
                                    </StmntSeq>
                                </Branch>
                                <Branch CovItemId="B2" CovItemPrefix="exe3.Computer.java" Implct="false" Intrnl_Id="17">
                                    <Cond>
                                        <Loc EndOffset="194" SrcFileId="1" StartOffset="190"/>
                                    </Cond>
                                    <LocList>
                                        <Loc EndOffset="223" SrcFileId="1" StartOffset="195"/>
                                    </LocList>
                                    <StmntSeq Intrnl_Id="18">
                                        <LocList>
                                            <Loc EndOffset="218" SrcFileId="1" StartOffset="201"/>
                                        </LocList>
                                        <BasicStmnt CovItemId="S3" CovItemPrefix="exe3.Computer.java" Intrnl_Id="19">
                                            <LocList>
                                                <Loc EndOffset="218" SrcFileId="1" StartOffset="201"/>
                                            </LocList>
                                        </BasicStmnt>
                                    </StmntSeq>
                                </Branch>
                                <Keyword EndOffset="144" SrcFileId="1" StartOffset="142"/>
                                <LocList>
                                    <Loc EndOffset="223" SrcFileId="1" StartOffset="142"/>
                                </LocList>
                                <RootTerm CovItemId="C1" CovItemPrefix="exe3.Computer.java" Intrnl_Id="20">
                                    <BasicBoolTerm Intrnl_Id="21">
                                        <LocList>
                                            <Loc EndOffset="160" SrcFileId="1" StartOffset="146"/>
                                        </LocList>
                                    </BasicBoolTerm>
                                </RootTerm>
                            </CondStmnt>
                            <CondStmnt CovItemId="S4" CovItemPrefix="exe3.Computer.java" Intrnl_Id="22">
                                <Branch CovItemId="B3" CovItemPrefix="exe3.Computer.java" Implct="false" Intrnl_Id="23">
                                    <Cond/>
                                    <LocList>
                                        <Loc EndOffset="276" SrcFileId="1" StartOffset="264"/>
                                    </LocList>
                                    <StmntSeq Intrnl_Id="24">
                                        <LocList>
                                            <Loc EndOffset="276" SrcFileId="1" StartOffset="264"/>
                                        </LocList>
                                        <BasicStmnt CovItemId="S5" CovItemPrefix="exe3.Computer.java" Intrnl_Id="25">
                                            <LocList>
                                                <Loc EndOffset="276" SrcFileId="1" StartOffset="264"/>
                                            </LocList>
                                        </BasicStmnt>
                                    </StmntSeq>
                                </Branch>
                                <Branch CovItemId="B4" CovItemPrefix="exe3.Computer.java" Implct="false" Intrnl_Id="26">
                                    <Cond>
                                        <Loc EndOffset="284" SrcFileId="1" StartOffset="280"/>
                                    </Cond>
                                    <LocList>
                                        <Loc EndOffset="302" SrcFileId="1" StartOffset="289"/>
                                    </LocList>
                                    <StmntSeq Intrnl_Id="27">
                                        <LocList>
                                            <Loc EndOffset="302" SrcFileId="1" StartOffset="289"/>
                                        </LocList>
                                        <BasicStmnt CovItemId="S6" CovItemPrefix="exe3.Computer.java" Intrnl_Id="28">
                                            <LocList>
                                                <Loc EndOffset="302" SrcFileId="1" StartOffset="289"/>
                                            </LocList>
                                        </BasicStmnt>
                                    </StmntSeq>
                                </Branch>
                                <Keyword EndOffset="229" SrcFileId="1" StartOffset="227"/>
                                <LocList>
                                    <Loc EndOffset="302" SrcFileId="1" StartOffset="227"/>
                                </LocList>
                                <RootTerm CovItemId="C2" CovItemPrefix="exe3.Computer.java" Intrnl_Id="29">
                                    <OpTerm BooleanOpId="2" Intrnl_Id="30">
                                        <OpTerm BooleanOpId="2" Intrnl_Id="31">
                                            <BasicBoolTerm Intrnl_Id="32">
                                                <LocList>
                                                    <Loc EndOffset="233" SrcFileId="1" StartOffset="232"/>
                                                </LocList>
                                            </BasicBoolTerm>
                                            <OpTerm BooleanOpId="3" Intrnl_Id="33">
                                                <BasicBoolTerm Intrnl_Id="34">
                                                    <LocList>
                                                        <Loc EndOffset="239" SrcFileId="1" StartOffset="238"/>
                                                    </LocList>
                                                </BasicBoolTerm>
                                                <BasicBoolTerm Intrnl_Id="35">
                                                    <LocList>
                                                        <Loc EndOffset="244" SrcFileId="1" StartOffset="243"/>
                                                    </LocList>
                                                </BasicBoolTerm>
                                                <LocList>
                                                    <Loc EndOffset="242" SrcFileId="1" StartOffset="240"/>
                                                </LocList>
                                            </OpTerm>
                                            <LocList>
                                                <Loc EndOffset="236" SrcFileId="1" StartOffset="234"/>
                                            </LocList>
                                        </OpTerm>
                                        <BasicBoolTerm Intrnl_Id="36">
                                            <LocList>
                                                <Loc EndOffset="258" SrcFileId="1" StartOffset="250"/>
                                            </LocList>
                                        </BasicBoolTerm>
                                        <LocList>
                                            <Loc EndOffset="249" SrcFileId="1" StartOffset="247"/>
                                        </LocList>
                                    </OpTerm>
                                </RootTerm>
                            </CondStmnt>
                        </StmntSeq>
                    </HierarchyLvl>
                </HierarchyLvl>
            </HierarchyLvl>
        </HierarchyLvl>
    </MASTRoot>
    <TestSession Comment="" Date="1693394493646" Name="30 ago 2023, 13:21:33">
        <TestCase Comment="" Date="1693394493501" Name="exe3.Computer_1_Test:test1">
            <CovList>
                <CovPrefix CovItemPrefix="exe3.Computer.java">
                    <Cov CovItemId="B1" Value="1"/>
                    <Cov CovItemId="B3" Value="1"/>
                    <Cov CovItemId="S1" Value="1"/>
                    <Cov CovItemId="S2" Value="1"/>
                    <Cov CovItemId="S4" Value="1"/>
                    <Cov CovItemId="S5" Value="1"/>
                </CovPrefix>
            </CovList>
            <AssgnmntList>
                <AssgnmntPrefix RootTermCovItemPrefix="exe3.Computer.java">
                    <AssgnmntListEntry Length="1" RootTermCovItemId="C1">
                        <MapEntry BoolAssgnmnt="1" Value="1"/>
                    </AssgnmntListEntry>
                    <AssgnmntListEntry Length="4" RootTermCovItemId="C2">
                        <MapEntry BoolAssgnmnt="1121" Value="1"/>
                    </AssgnmntListEntry>
                </AssgnmntPrefix>
            </AssgnmntList>
            <ObjMetaDataList/>
            <MetaDataList/>
        </TestCase>
        <TestCase Comment="" Date="1693394493512" Name="exe3.Computer_1_Test:test2">
            <CovList>
                <CovPrefix CovItemPrefix="exe3.Computer.java">
                    <Cov CovItemId="B2" Value="1"/>
                    <Cov CovItemId="B4" Value="1"/>
                    <Cov CovItemId="S1" Value="1"/>
                    <Cov CovItemId="S3" Value="1"/>
                    <Cov CovItemId="S4" Value="1"/>
                    <Cov CovItemId="S6" Value="1"/>
                </CovPrefix>
            </CovList>
            <AssgnmntList>
                <AssgnmntPrefix RootTermCovItemPrefix="exe3.Computer.java">
                    <AssgnmntListEntry Length="1" RootTermCovItemId="C1">
                        <MapEntry BoolAssgnmnt="0" Value="1"/>
                    </AssgnmntListEntry>
                    <AssgnmntListEntry Length="4" RootTermCovItemId="C2">
                        <MapEntry BoolAssgnmnt="0222" Value="1"/>
                    </AssgnmntListEntry>
                </AssgnmntPrefix>
            </AssgnmntList>
            <ObjMetaDataList/>
            <MetaDataList/>
        </TestCase>
        <MetaDataList/>
    </TestSession>
    <TestSession Comment="" Date="1693396038764" Name="30 ago 2023, 13:47:18">
        <TestCase Comment="" Date="1693396038610" Name="exe3.Computer_2_Test:test1">
            <CovList>
                <CovPrefix CovItemPrefix="exe3.Computer.java">
                    <Cov CovItemId="B1" Value="1"/>
                    <Cov CovItemId="B4" Value="1"/>
                    <Cov CovItemId="S1" Value="1"/>
                    <Cov CovItemId="S2" Value="1"/>
                    <Cov CovItemId="S4" Value="1"/>
                    <Cov CovItemId="S6" Value="1"/>
                </CovPrefix>
            </CovList>
            <AssgnmntList>
                <AssgnmntPrefix RootTermCovItemPrefix="exe3.Computer.java">
                    <AssgnmntListEntry Length="1" RootTermCovItemId="C1">
                        <MapEntry BoolAssgnmnt="1" Value="1"/>
                    </AssgnmntListEntry>
                    <AssgnmntListEntry Length="4" RootTermCovItemId="C2">
                        <MapEntry BoolAssgnmnt="0222" Value="1"/>
                    </AssgnmntListEntry>
                </AssgnmntPrefix>
            </AssgnmntList>
            <ObjMetaDataList/>
            <MetaDataList/>
        </TestCase>
        <TestCase Comment="" Date="1693396038624" Name="exe3.Computer_2_Test:test2">
            <CovList>
                <CovPrefix CovItemPrefix="exe3.Computer.java">
                    <Cov CovItemId="B1" Value="1"/>
                    <Cov CovItemId="B3" Value="1"/>
                    <Cov CovItemId="S1" Value="1"/>
                    <Cov CovItemId="S2" Value="1"/>
                    <Cov CovItemId="S4" Value="1"/>
                    <Cov CovItemId="S5" Value="1"/>
                </CovPrefix>
            </CovList>
            <AssgnmntList>
                <AssgnmntPrefix RootTermCovItemPrefix="exe3.Computer.java">
                    <AssgnmntListEntry Length="1" RootTermCovItemId="C1">
                        <MapEntry BoolAssgnmnt="1" Value="1"/>
                    </AssgnmntListEntry>
                    <AssgnmntListEntry Length="4" RootTermCovItemId="C2">
                        <MapEntry BoolAssgnmnt="1121" Value="1"/>
                    </AssgnmntListEntry>
                </AssgnmntPrefix>
            </AssgnmntList>
            <ObjMetaDataList/>
            <MetaDataList/>
        </TestCase>
        <TestCase Comment="" Date="1693396038626" Name="exe3.Computer_2_Test:test3">
            <CovList>
                <CovPrefix CovItemPrefix="exe3.Computer.java">
                    <Cov CovItemId="B1" Value="1"/>
                    <Cov CovItemId="B3" Value="1"/>
                    <Cov CovItemId="S1" Value="1"/>
                    <Cov CovItemId="S2" Value="1"/>
                    <Cov CovItemId="S4" Value="1"/>
                    <Cov CovItemId="S5" Value="1"/>
                </CovPrefix>
            </CovList>
            <AssgnmntList>
                <AssgnmntPrefix RootTermCovItemPrefix="exe3.Computer.java">
                    <AssgnmntListEntry Length="1" RootTermCovItemId="C1">
                        <MapEntry BoolAssgnmnt="1" Value="1"/>
                    </AssgnmntListEntry>
                    <AssgnmntListEntry Length="4" RootTermCovItemId="C2">
                        <MapEntry BoolAssgnmnt="1011" Value="1"/>
                    </AssgnmntListEntry>
                </AssgnmntPrefix>
            </AssgnmntList>
            <ObjMetaDataList/>
            <MetaDataList/>
        </TestCase>
        <TestCase Comment="" Date="1693396038630" Name="exe3.Computer_2_Test:test4">
            <CovList>
                <CovPrefix CovItemPrefix="exe3.Computer.java">
                    <Cov CovItemId="B1" Value="1"/>
                    <Cov CovItemId="B4" Value="1"/>
                    <Cov CovItemId="S1" Value="1"/>
                    <Cov CovItemId="S2" Value="1"/>
                    <Cov CovItemId="S4" Value="1"/>
                    <Cov CovItemId="S6" Value="1"/>
                </CovPrefix>
            </CovList>
            <AssgnmntList>
                <AssgnmntPrefix RootTermCovItemPrefix="exe3.Computer.java">
                    <AssgnmntListEntry Length="1" RootTermCovItemId="C1">
                        <MapEntry BoolAssgnmnt="1" Value="1"/>
                    </AssgnmntListEntry>
                    <AssgnmntListEntry Length="4" RootTermCovItemId="C2">
                        <MapEntry BoolAssgnmnt="1002" Value="1"/>
                    </AssgnmntListEntry>
                </AssgnmntPrefix>
            </AssgnmntList>
            <ObjMetaDataList/>
            <MetaDataList/>
        </TestCase>
        <TestCase Comment="Failure&#10;java.lang.AssertionError&#13;&#10;&#9;at org.junit.Assert.fail(Assert.java:87)&#13;&#10;&#9;at org.junit.Assert.assertTrue(Assert.java:42)&#13;&#10;&#9;at org.junit.Assert.assertFalse(Assert.java:65)&#13;&#10;&#9;at org.junit.Assert.assertFalse(Assert.java:75)&#13;&#10;&#9;at exe3.Computer_2_Test.test5(Computer_2_Test.java:50)&#13;&#10;&#9;at java.base/jdk.internal.reflect.NativeMethodAccessorImpl.invoke0(Native Method)&#13;&#10;&#9;at java.base/jdk.internal.reflect.NativeMethodAccessorImpl.invoke(NativeMethodAccessorImpl.java:77)&#13;&#10;&#9;at java.base/jdk.internal.reflect.DelegatingMethodAccessorImpl.invoke(DelegatingMethodAccessorImpl.java:43)&#13;&#10;&#9;at java.base/java.lang.reflect.Method.invoke(Method.java:568)&#13;&#10;&#9;at org.junit.runners.model.FrameworkMethod$1.runReflectiveCall(FrameworkMethod.java:59)&#13;&#10;&#9;at org.junit.internal.runners.model.ReflectiveCallable.run(ReflectiveCallable.java:12)&#13;&#10;&#9;at org.junit.runners.model.FrameworkMethod.invokeExplosively(FrameworkMethod.java:56)&#13;&#10;&#9;at org.junit.internal.runners.statements.InvokeMethod.evaluate(InvokeMethod.java:17)&#13;&#10;&#9;at org.junit.runners.ParentRunner$3.evaluate(ParentRunner.java:306)&#13;&#10;&#9;at org.junit.runners.BlockJUnit4ClassRunner$1.evaluate(BlockJUnit4ClassRunner.java:100)&#13;&#10;&#9;at org.junit.runners.ParentRunner.runLeaf(ParentRunner.java:366)&#13;&#10;&#9;at org.junit.runners.BlockJUnit4ClassRunner.runChild(BlockJUnit4ClassRunner.java:103)&#13;&#10;&#9;at org.junit.runners.BlockJUnit4ClassRunner.runChild(BlockJUnit4ClassRunner.java:63)&#13;&#10;&#9;at org.junit.runners.ParentRunner$4.run(ParentRunner.java:331)&#13;&#10;&#9;at org.junit.runners.ParentRunner$1.schedule(ParentRunner.java:79)&#13;&#10;&#9;at org.junit.runners.ParentRunner.runChildren(ParentRunner.java:329)&#13;&#10;&#9;at org.junit.runners.ParentRunner.access$100(ParentRunner.java:66)&#13;&#10;&#9;at org.junit.runners.ParentRunner$2.evaluate(ParentRunner.java:293)&#13;&#10;&#9;at org.junit.runners.ParentRunner$3.evaluate(ParentRunner.java:306)&#13;&#10;&#9;at org.junit.runners.ParentRunner.run(ParentRunner.java:413)&#13;&#10;&#9;at org.eclipse.jdt.internal.junit4.runner.JUnit4TestReference.run(JUnit4TestReference.java:93)&#13;&#10;&#9;at org.eclipse.jdt.internal.junit.runner.TestExecution.run(TestExecution.java:40)&#13;&#10;&#9;at org.eclipse.jdt.internal.junit.runner.RemoteTestRunner.runTests(RemoteTestRunner.java:529)&#13;&#10;&#9;at org.eclipse.jdt.internal.junit.runner.RemoteTestRunner.runTests(RemoteTestRunner.java:756)&#13;&#10;&#9;at org.eclipse.jdt.internal.junit.runner.RemoteTestRunner.run(RemoteTestRunner.java:452)&#13;&#10;&#9;at org.codecover.juniteclipse.runner.EclipseTestRunner.main(EclipseTestRunner.java:40)" Date="1693396038632" Name="exe3.Computer_2_Test:test5">
            <CovList>
                <CovPrefix CovItemPrefix="exe3.Computer.java">
                    <Cov CovItemId="B1" Value="1"/>
                    <Cov CovItemId="B3" Value="1"/>
                    <Cov CovItemId="S1" Value="1"/>
                    <Cov CovItemId="S2" Value="1"/>
                    <Cov CovItemId="S4" Value="1"/>
                    <Cov CovItemId="S5" Value="1"/>
                </CovPrefix>
            </CovList>
            <AssgnmntList>
                <AssgnmntPrefix RootTermCovItemPrefix="exe3.Computer.java">
                    <AssgnmntListEntry Length="1" RootTermCovItemId="C1">
                        <MapEntry BoolAssgnmnt="1" Value="1"/>
                    </AssgnmntListEntry>
                    <AssgnmntListEntry Length="4" RootTermCovItemId="C2">
                        <MapEntry BoolAssgnmnt="1121" Value="1"/>
                    </AssgnmntListEntry>
                </AssgnmntPrefix>
            </AssgnmntList>
            <ObjMetaDataList/>
            <MetaDataList/>
        </TestCase>
        <MetaDataList/>
    </TestSession>
    <TestSession Comment="" Date="1693396138787" Name="30 ago 2023, 13:48:58">
        <TestCase Comment="" Date="1693396138701" Name="exe3.Computer_2_Test:test1">
            <CovList>
                <CovPrefix CovItemPrefix="exe3.Computer.java">
                    <Cov CovItemId="B1" Value="1"/>
                    <Cov CovItemId="B4" Value="1"/>
                    <Cov CovItemId="S1" Value="1"/>
                    <Cov CovItemId="S2" Value="1"/>
                    <Cov CovItemId="S4" Value="1"/>
                    <Cov CovItemId="S6" Value="1"/>
                </CovPrefix>
            </CovList>
            <AssgnmntList>
                <AssgnmntPrefix RootTermCovItemPrefix="exe3.Computer.java">
                    <AssgnmntListEntry Length="1" RootTermCovItemId="C1">
                        <MapEntry BoolAssgnmnt="1" Value="1"/>
                    </AssgnmntListEntry>
                    <AssgnmntListEntry Length="4" RootTermCovItemId="C2">
                        <MapEntry BoolAssgnmnt="0222" Value="1"/>
                    </AssgnmntListEntry>
                </AssgnmntPrefix>
            </AssgnmntList>
            <ObjMetaDataList/>
            <MetaDataList/>
        </TestCase>
        <TestCase Comment="" Date="1693396138709" Name="exe3.Computer_2_Test:test2">
            <CovList>
                <CovPrefix CovItemPrefix="exe3.Computer.java">
                    <Cov CovItemId="B1" Value="1"/>
                    <Cov CovItemId="B3" Value="1"/>
                    <Cov CovItemId="S1" Value="1"/>
                    <Cov CovItemId="S2" Value="1"/>
                    <Cov CovItemId="S4" Value="1"/>
                    <Cov CovItemId="S5" Value="1"/>
                </CovPrefix>
            </CovList>
            <AssgnmntList>
                <AssgnmntPrefix RootTermCovItemPrefix="exe3.Computer.java">
                    <AssgnmntListEntry Length="1" RootTermCovItemId="C1">
                        <MapEntry BoolAssgnmnt="1" Value="1"/>
                    </AssgnmntListEntry>
                    <AssgnmntListEntry Length="4" RootTermCovItemId="C2">
                        <MapEntry BoolAssgnmnt="1121" Value="1"/>
                    </AssgnmntListEntry>
                </AssgnmntPrefix>
            </AssgnmntList>
            <ObjMetaDataList/>
            <MetaDataList/>
        </TestCase>
        <TestCase Comment="" Date="1693396138712" Name="exe3.Computer_2_Test:test3">
            <CovList>
                <CovPrefix CovItemPrefix="exe3.Computer.java">
                    <Cov CovItemId="B1" Value="1"/>
                    <Cov CovItemId="B3" Value="1"/>
                    <Cov CovItemId="S1" Value="1"/>
                    <Cov CovItemId="S2" Value="1"/>
                    <Cov CovItemId="S4" Value="1"/>
                    <Cov CovItemId="S5" Value="1"/>
                </CovPrefix>
            </CovList>
            <AssgnmntList>
                <AssgnmntPrefix RootTermCovItemPrefix="exe3.Computer.java">
                    <AssgnmntListEntry Length="1" RootTermCovItemId="C1">
                        <MapEntry BoolAssgnmnt="1" Value="1"/>
                    </AssgnmntListEntry>
                    <AssgnmntListEntry Length="4" RootTermCovItemId="C2">
                        <MapEntry BoolAssgnmnt="1011" Value="1"/>
                    </AssgnmntListEntry>
                </AssgnmntPrefix>
            </AssgnmntList>
            <ObjMetaDataList/>
            <MetaDataList/>
        </TestCase>
        <TestCase Comment="" Date="1693396138713" Name="exe3.Computer_2_Test:test4">
            <CovList>
                <CovPrefix CovItemPrefix="exe3.Computer.java">
                    <Cov CovItemId="B1" Value="1"/>
                    <Cov CovItemId="B4" Value="1"/>
                    <Cov CovItemId="S1" Value="1"/>
                    <Cov CovItemId="S2" Value="1"/>
                    <Cov CovItemId="S4" Value="1"/>
                    <Cov CovItemId="S6" Value="1"/>
                </CovPrefix>
            </CovList>
            <AssgnmntList>
                <AssgnmntPrefix RootTermCovItemPrefix="exe3.Computer.java">
                    <AssgnmntListEntry Length="1" RootTermCovItemId="C1">
                        <MapEntry BoolAssgnmnt="1" Value="1"/>
                    </AssgnmntListEntry>
                    <AssgnmntListEntry Length="4" RootTermCovItemId="C2">
                        <MapEntry BoolAssgnmnt="1002" Value="1"/>
                    </AssgnmntListEntry>
                </AssgnmntPrefix>
            </AssgnmntList>
            <ObjMetaDataList/>
            <MetaDataList/>
        </TestCase>
        <TestCase Comment="" Date="1693396138715" Name="exe3.Computer_2_Test:test5">
            <CovList>
                <CovPrefix CovItemPrefix="exe3.Computer.java">
                    <Cov CovItemId="B2" Value="1"/>
                    <Cov CovItemId="B4" Value="1"/>
                    <Cov CovItemId="S1" Value="1"/>
                    <Cov CovItemId="S3" Value="1"/>
                    <Cov CovItemId="S4" Value="1"/>
                    <Cov CovItemId="S6" Value="1"/>
                </CovPrefix>
            </CovList>
            <AssgnmntList>
                <AssgnmntPrefix RootTermCovItemPrefix="exe3.Computer.java">
                    <AssgnmntListEntry Length="1" RootTermCovItemId="C1">
                        <MapEntry BoolAssgnmnt="0" Value="1"/>
                    </AssgnmntListEntry>
                    <AssgnmntListEntry Length="4" RootTermCovItemId="C2">
                        <MapEntry BoolAssgnmnt="1120" Value="1"/>
                    </AssgnmntListEntry>
                </AssgnmntPrefix>
            </AssgnmntList>
            <ObjMetaDataList/>
            <MetaDataList/>
        </TestCase>
        <MetaDataList/>
    </TestSession>
</TestSessionContainer>
