<?xml version="1.0" encoding="UTF-8"?><TestSessionContainer xmlns="http://www.codecover.org/xml/testsession-container" Date="1678789727999" TestSessionContainerId="3d12d8a4-7478-4dab-9a7b-f0e68aa9dbf5" version="1.0">
    <SrcFileList>
        <SrcFile Content="package exe3;&#13;&#10;&#13;&#10;public class Computer {&#13;&#10;&#13;&#10;&#9;boolean Compute(boolean x, boolean y, boolean z, int temp, int thresh) {&#13;&#10;&#9;&#9;boolean no_alarm;&#13;&#10;&#9;&#9;if (temp &lt;= thresh) {&#13;&#10;&#9;&#9;&#9;no_alarm = true;&#13;&#10;&#9;&#9;} else {&#13;&#10;&#9;&#9;&#9;no_alarm = false;&#13;&#10;&#9;&#9;}&#13;&#10;&#9;&#9;if ((x &amp;&amp; (y || z)) &amp;&amp; no_alarm)&#13;&#10;&#9;&#9;&#9;return true;&#13;&#10;&#9;&#9;else&#13;&#10;&#9;&#9;&#9;return false;&#13;&#10;&#9;}&#13;&#10;&#9;&#13;&#10;}" Filename="Computer.java" Intrnl_Id="1"/>
    </SrcFileList>
    <CritList>
        <CritListEntry Name="org.codecover.model.utils.criteria.LoopCoverage" PluginName="org.codecover"/>
        <CritListEntry Name="org.codecover.model.utils.criteria.QMOCoverage" PluginName="org.codecover"/>
        <CritListEntry Name="org.codecover.model.utils.criteria.ConditionCoverage" PluginName="org.codecover"/>
        <CritListEntry Name="org.codecover.model.utils.criteria.BranchCoverage" PluginName="org.codecover"/>
        <CritListEntry Name="org.codecover.model.utils.criteria.SynchronizedStatementCoverage" PluginName="org.codecover"/>
        <CritListEntry Name="org.codecover.model.utils.criteria.StatementCoverage" PluginName="org.codecover"/>
    </CritList>
    <BoolOpList>
        <BoolOp Arity="2" Intrnl_Id="2" Name="conditional and (&amp;&amp;)">
            <BoolAssgnmntBoolMapList>
                <MapEntry BoolAssgnmnt="02" Value="false"/>
                <MapEntry BoolAssgnmnt="10" Value="false"/>
                <MapEntry BoolAssgnmnt="11" Value="true"/>
            </BoolAssgnmntBoolMapList>
        </BoolOp>
        <BoolOp Arity="2" Intrnl_Id="3" Name="conditional or (||)">
            <BoolAssgnmntBoolMapList>
                <MapEntry BoolAssgnmnt="00" Value="false"/>
                <MapEntry BoolAssgnmnt="01" Value="true"/>
                <MapEntry BoolAssgnmnt="12" Value="true"/>
            </BoolAssgnmntBoolMapList>
        </BoolOp>
    </BoolOpList>
    <HierarchyLvlTypeList>
        <HierarchyLvlType EnglishName="package" IntrnlName="package" Intrnl_Id="4"/>
        <HierarchyLvlType EnglishName="method" IntrnlName="method" Intrnl_Id="5"/>
        <HierarchyLvlType EnglishName="class" IntrnlName="class" Intrnl_Id="6"/>
        <HierarchyLvlType EnglishName="default package" IntrnlName="default package" Intrnl_Id="7"/>
    </HierarchyLvlTypeList>
    <MASTRoot>
        <HierarchyLvl HierarchyLvlId="18" HierarchyLvlTypeId="7" Intrnl_Id="8" Name="default package">
            <Header/>
            <LocList/>
            <HierarchyLvl HierarchyLvlId="17" HierarchyLvlTypeId="4" Intrnl_Id="9" Name="exe3">
                <Header/>
                <LocList/>
                <HierarchyLvl HierarchyLvlId="16" HierarchyLvlTypeId="6" Intrnl_Id="10" Name="Computer">
                    <Header>
                        <Loc EndOffset="38" SrcFileId="1" StartOffset="17"/>
                    </Header>
                    <LocList>
                        <Loc EndOffset="312" SrcFileId="1" StartOffset="17"/>
                    </LocList>
                    <HierarchyLvl HierarchyLvlId="15" HierarchyLvlTypeId="5" Intrnl_Id="11" Name="Compute">
                        <Header>
                            <Loc EndOffset="115" SrcFileId="1" StartOffset="45"/>
                        </Header>
                        <LocList>
                            <Loc EndOffset="306" SrcFileId="1" StartOffset="45"/>
                        </LocList>
                        <StmntSeq Intrnl_Id="12">
                            <LocList>
                                <Loc EndOffset="223" SrcFileId="1" StartOffset="142"/>
                                <Loc EndOffset="302" SrcFileId="1" StartOffset="227"/>
                            </LocList>
                            <CondStmnt CovItemId="S1" CovItemPrefix="exe3.Computer.java" Intrnl_Id="13">
                                <Branch CovItemId="B1" CovItemPrefix="exe3.Computer.java" Implct="false" Intrnl_Id="14">
                                    <Cond/>
                                    <LocList>
                                        <Loc EndOffset="189" SrcFileId="1" StartOffset="162"/>
                                    </LocList>
                                    <StmntSeq Intrnl_Id="15">
                                        <LocList>
                                            <Loc EndOffset="184" SrcFileId="1" StartOffset="168"/>
                                        </LocList>
                                        <BasicStmnt CovItemId="S2" CovItemPrefix="exe3.Computer.java" Intrnl_Id="16">
                                            <LocList>
                                                <Loc EndOffset="184" SrcFileId="1" StartOffset="168"/>
                                            </LocList>
                                        </BasicStmnt>
                                    </StmntSeq>
                                </Branch>
                                <Branch CovItemId="B2" CovItemPrefix="exe3.Computer.java" Implct="false" Intrnl_Id="17">
                                    <Cond>
                                        <Loc EndOffset="194" SrcFileId="1" StartOffset="190"/>
                                    </Cond>
                                    <LocList>
                                        <Loc EndOffset="223" SrcFileId="1" StartOffset="195"/>
                                    </LocList>
                                    <StmntSeq Intrnl_Id="18">
                                        <LocList>
                                            <Loc EndOffset="218" SrcFileId="1" StartOffset="201"/>
                                        </LocList>
                                        <BasicStmnt CovItemId="S3" CovItemPrefix="exe3.Computer.java" Intrnl_Id="19">
                                            <LocList>
                                                <Loc EndOffset="218" SrcFileId="1" StartOffset="201"/>
                                            </LocList>
                                        </BasicStmnt>
                                    </StmntSeq>
                                </Branch>
                                <Keyword EndOffset="144" SrcFileId="1" StartOffset="142"/>
                                <LocList>
                                    <Loc EndOffset="223" SrcFileId="1" StartOffset="142"/>
                                </LocList>
                                <RootTerm CovItemId="C1" CovItemPrefix="exe3.Computer.java" Intrnl_Id="20">
                                    <BasicBoolTerm Intrnl_Id="21">
                                        <LocList>
                                            <Loc EndOffset="160" SrcFileId="1" StartOffset="146"/>
                                        </LocList>
                                    </BasicBoolTerm>
                                </RootTerm>
                            </CondStmnt>
                            <CondStmnt CovItemId="S4" CovItemPrefix="exe3.Computer.java" Intrnl_Id="22">
                                <Branch CovItemId="B3" CovItemPrefix="exe3.Computer.java" Implct="false" Intrnl_Id="23">
                                    <Cond/>
                                    <LocList>
                                        <Loc EndOffset="276" SrcFileId="1" StartOffset="264"/>
                                    </LocList>
                                    <StmntSeq Intrnl_Id="24">
                                        <LocList>
                                            <Loc EndOffset="276" SrcFileId="1" StartOffset="264"/>
                                        </LocList>
                                        <BasicStmnt CovItemId="S5" CovItemPrefix="exe3.Computer.java" Intrnl_Id="25">
                                            <LocList>
                                                <Loc EndOffset="276" SrcFileId="1" StartOffset="264"/>
                                            </LocList>
                                        </BasicStmnt>
                                    </StmntSeq>
                                </Branch>
                                <Branch CovItemId="B4" CovItemPrefix="exe3.Computer.java" Implct="false" Intrnl_Id="26">
                                    <Cond>
                                        <Loc EndOffset="284" SrcFileId="1" StartOffset="280"/>
                                    </Cond>
                                    <LocList>
                                        <Loc EndOffset="302" SrcFileId="1" StartOffset="289"/>
                                    </LocList>
                                    <StmntSeq Intrnl_Id="27">
                                        <LocList>
                                            <Loc EndOffset="302" SrcFileId="1" StartOffset="289"/>
                                        </LocList>
                                        <BasicStmnt CovItemId="S6" CovItemPrefix="exe3.Computer.java" Intrnl_Id="28">
                                            <LocList>
                                                <Loc EndOffset="302" SrcFileId="1" StartOffset="289"/>
                                            </LocList>
                                        </BasicStmnt>
                                    </StmntSeq>
                                </Branch>
                                <Keyword EndOffset="229" SrcFileId="1" StartOffset="227"/>
                                <LocList>
                                    <Loc EndOffset="302" SrcFileId="1" StartOffset="227"/>
                                </LocList>
                                <RootTerm CovItemId="C2" CovItemPrefix="exe3.Computer.java" Intrnl_Id="29">
                                    <OpTerm BooleanOpId="2" Intrnl_Id="30">
                                        <OpTerm BooleanOpId="2" Intrnl_Id="31">
                                            <BasicBoolTerm Intrnl_Id="32">
                                                <LocList>
                                                    <Loc EndOffset="233" SrcFileId="1" StartOffset="232"/>
                                                </LocList>
                                            </BasicBoolTerm>
                                            <OpTerm BooleanOpId="3" Intrnl_Id="33">
                                                <BasicBoolTerm Intrnl_Id="34">
                                                    <LocList>
                                                        <Loc EndOffset="239" SrcFileId="1" StartOffset="238"/>
                                                    </LocList>
                                                </BasicBoolTerm>
                                                <BasicBoolTerm Intrnl_Id="35">
                                                    <LocList>
                                                        <Loc EndOffset="244" SrcFileId="1" StartOffset="243"/>
                                                    </LocList>
                                                </BasicBoolTerm>
                                                <LocList>
                                                    <Loc EndOffset="242" SrcFileId="1" StartOffset="240"/>
                                                </LocList>
                                            </OpTerm>
                                            <LocList>
                                                <Loc EndOffset="236" SrcFileId="1" StartOffset="234"/>
                                            </LocList>
                                        </OpTerm>
                                        <BasicBoolTerm Intrnl_Id="36">
                                            <LocList>
                                                <Loc EndOffset="258" SrcFileId="1" StartOffset="250"/>
                                            </LocList>
                                        </BasicBoolTerm>
                                        <LocList>
                                            <Loc EndOffset="249" SrcFileId="1" StartOffset="247"/>
                                        </LocList>
                                    </OpTerm>
                                </RootTerm>
                            </CondStmnt>
                        </StmntSeq>
                    </HierarchyLvl>
                </HierarchyLvl>
            </HierarchyLvl>
        </HierarchyLvl>
    </MASTRoot>
    <TestSession Comment="" Date="1678790032662" Name="14 mar 2023, 11:33:52">
        <TestCase Comment="" Date="1678790032393" Name="exe3.ComputerTestBranchCoverage:testBrachCoverage2">
            <CovList>
                <CovPrefix CovItemPrefix="exe3.Computer.java">
                    <Cov CovItemId="B2" Value="1"/>
                    <Cov CovItemId="B4" Value="1"/>
                    <Cov CovItemId="S1" Value="1"/>
                    <Cov CovItemId="S3" Value="1"/>
                    <Cov CovItemId="S4" Value="1"/>
                    <Cov CovItemId="S6" Value="1"/>
                </CovPrefix>
            </CovList>
            <AssgnmntList>
                <AssgnmntPrefix RootTermCovItemPrefix="exe3.Computer.java">
                    <AssgnmntListEntry Length="1" RootTermCovItemId="C1">
                        <MapEntry BoolAssgnmnt="0" Value="1"/>
                    </AssgnmntListEntry>
                    <AssgnmntListEntry Length="4" RootTermCovItemId="C2">
                        <MapEntry BoolAssgnmnt="0222" Value="1"/>
                    </AssgnmntListEntry>
                </AssgnmntPrefix>
            </AssgnmntList>
            <ObjMetaDataList/>
            <MetaDataList/>
        </TestCase>
        <TestCase Comment="" Date="1678790032402" Name="exe3.ComputerTestBranchCoverage:testBranchCoverage1">
            <CovList>
                <CovPrefix CovItemPrefix="exe3.Computer.java">
                    <Cov CovItemId="B1" Value="1"/>
                    <Cov CovItemId="B3" Value="1"/>
                    <Cov CovItemId="S1" Value="1"/>
                    <Cov CovItemId="S2" Value="1"/>
                    <Cov CovItemId="S4" Value="1"/>
                    <Cov CovItemId="S5" Value="1"/>
                </CovPrefix>
            </CovList>
            <AssgnmntList>
                <AssgnmntPrefix RootTermCovItemPrefix="exe3.Computer.java">
                    <AssgnmntListEntry Length="1" RootTermCovItemId="C1">
                        <MapEntry BoolAssgnmnt="1" Value="1"/>
                    </AssgnmntListEntry>
                    <AssgnmntListEntry Length="4" RootTermCovItemId="C2">
                        <MapEntry BoolAssgnmnt="1121" Value="1"/>
                    </AssgnmntListEntry>
                </AssgnmntPrefix>
            </AssgnmntList>
            <ObjMetaDataList/>
            <MetaDataList/>
        </TestCase>
        <MetaDataList/>
    </TestSession>
    <TestSession Comment="" Date="1678791614318" Name="14 mar 2023, 12:00:14">
        <TestCase Comment="" Date="1678791614217" Name="exe3.ComputerTestMCDC:testX1">
            <CovList>
                <CovPrefix CovItemPrefix="exe3.Computer.java">
                    <Cov CovItemId="B1" Value="1"/>
                    <Cov CovItemId="B3" Value="1"/>
                    <Cov CovItemId="S1" Value="1"/>
                    <Cov CovItemId="S2" Value="1"/>
                    <Cov CovItemId="S4" Value="1"/>
                    <Cov CovItemId="S5" Value="1"/>
                </CovPrefix>
            </CovList>
            <AssgnmntList>
                <AssgnmntPrefix RootTermCovItemPrefix="exe3.Computer.java">
                    <AssgnmntListEntry Length="1" RootTermCovItemId="C1">
                        <MapEntry BoolAssgnmnt="1" Value="1"/>
                    </AssgnmntListEntry>
                    <AssgnmntListEntry Length="4" RootTermCovItemId="C2">
                        <MapEntry BoolAssgnmnt="1121" Value="1"/>
                    </AssgnmntListEntry>
                </AssgnmntPrefix>
            </AssgnmntList>
            <ObjMetaDataList/>
            <MetaDataList/>
        </TestCase>
        <TestCase Comment="" Date="1678791614228" Name="exe3.ComputerTestMCDC:testX2">
            <CovList>
                <CovPrefix CovItemPrefix="exe3.Computer.java">
                    <Cov CovItemId="B1" Value="1"/>
                    <Cov CovItemId="B4" Value="1"/>
                    <Cov CovItemId="S1" Value="1"/>
                    <Cov CovItemId="S2" Value="1"/>
                    <Cov CovItemId="S4" Value="1"/>
                    <Cov CovItemId="S6" Value="1"/>
                </CovPrefix>
            </CovList>
            <AssgnmntList>
                <AssgnmntPrefix RootTermCovItemPrefix="exe3.Computer.java">
                    <AssgnmntListEntry Length="1" RootTermCovItemId="C1">
                        <MapEntry BoolAssgnmnt="1" Value="1"/>
                    </AssgnmntListEntry>
                    <AssgnmntListEntry Length="4" RootTermCovItemId="C2">
                        <MapEntry BoolAssgnmnt="0222" Value="1"/>
                    </AssgnmntListEntry>
                </AssgnmntPrefix>
            </AssgnmntList>
            <ObjMetaDataList/>
            <MetaDataList/>
        </TestCase>
        <TestCase Comment="" Date="1678791614232" Name="exe3.ComputerTestMCDC:testY5">
            <CovList>
                <CovPrefix CovItemPrefix="exe3.Computer.java">
                    <Cov CovItemId="B1" Value="1"/>
                    <Cov CovItemId="B3" Value="1"/>
                    <Cov CovItemId="S1" Value="1"/>
                    <Cov CovItemId="S2" Value="1"/>
                    <Cov CovItemId="S4" Value="1"/>
                    <Cov CovItemId="S5" Value="1"/>
                </CovPrefix>
            </CovList>
            <AssgnmntList>
                <AssgnmntPrefix RootTermCovItemPrefix="exe3.Computer.java">
                    <AssgnmntListEntry Length="1" RootTermCovItemId="C1">
                        <MapEntry BoolAssgnmnt="1" Value="1"/>
                    </AssgnmntListEntry>
                    <AssgnmntListEntry Length="4" RootTermCovItemId="C2">
                        <MapEntry BoolAssgnmnt="1121" Value="1"/>
                    </AssgnmntListEntry>
                </AssgnmntPrefix>
            </AssgnmntList>
            <ObjMetaDataList/>
            <MetaDataList/>
        </TestCase>
        <TestCase Comment="" Date="1678791614234" Name="exe3.ComputerTestMCDC:testY6">
            <CovList>
                <CovPrefix CovItemPrefix="exe3.Computer.java">
                    <Cov CovItemId="B1" Value="1"/>
                    <Cov CovItemId="B4" Value="1"/>
                    <Cov CovItemId="S1" Value="1"/>
                    <Cov CovItemId="S2" Value="1"/>
                    <Cov CovItemId="S4" Value="1"/>
                    <Cov CovItemId="S6" Value="1"/>
                </CovPrefix>
            </CovList>
            <AssgnmntList>
                <AssgnmntPrefix RootTermCovItemPrefix="exe3.Computer.java">
                    <AssgnmntListEntry Length="1" RootTermCovItemId="C1">
                        <MapEntry BoolAssgnmnt="1" Value="1"/>
                    </AssgnmntListEntry>
                    <AssgnmntListEntry Length="4" RootTermCovItemId="C2">
                        <MapEntry BoolAssgnmnt="1002" Value="1"/>
                    </AssgnmntListEntry>
                </AssgnmntPrefix>
            </AssgnmntList>
            <ObjMetaDataList/>
            <MetaDataList/>
        </TestCase>
        <TestCase Comment="" Date="1678791614236" Name="exe3.ComputerTestMCDC:testZ7">
            <CovList>
                <CovPrefix CovItemPrefix="exe3.Computer.java">
                    <Cov CovItemId="B1" Value="1"/>
                    <Cov CovItemId="B3" Value="1"/>
                    <Cov CovItemId="S1" Value="1"/>
                    <Cov CovItemId="S2" Value="1"/>
                    <Cov CovItemId="S4" Value="1"/>
                    <Cov CovItemId="S5" Value="1"/>
                </CovPrefix>
            </CovList>
            <AssgnmntList>
                <AssgnmntPrefix RootTermCovItemPrefix="exe3.Computer.java">
                    <AssgnmntListEntry Length="1" RootTermCovItemId="C1">
                        <MapEntry BoolAssgnmnt="1" Value="1"/>
                    </AssgnmntListEntry>
                    <AssgnmntListEntry Length="4" RootTermCovItemId="C2">
                        <MapEntry BoolAssgnmnt="1011" Value="1"/>
                    </AssgnmntListEntry>
                </AssgnmntPrefix>
            </AssgnmntList>
            <ObjMetaDataList/>
            <MetaDataList/>
        </TestCase>
        <TestCase Comment="" Date="1678791614239" Name="exe3.ComputerTestMCDC:testZ8">
            <CovList>
                <CovPrefix CovItemPrefix="exe3.Computer.java">
                    <Cov CovItemId="B1" Value="1"/>
                    <Cov CovItemId="B4" Value="1"/>
                    <Cov CovItemId="S1" Value="1"/>
                    <Cov CovItemId="S2" Value="1"/>
                    <Cov CovItemId="S4" Value="1"/>
                    <Cov CovItemId="S6" Value="1"/>
                </CovPrefix>
            </CovList>
            <AssgnmntList>
                <AssgnmntPrefix RootTermCovItemPrefix="exe3.Computer.java">
                    <AssgnmntListEntry Length="1" RootTermCovItemId="C1">
                        <MapEntry BoolAssgnmnt="1" Value="1"/>
                    </AssgnmntListEntry>
                    <AssgnmntListEntry Length="4" RootTermCovItemId="C2">
                        <MapEntry BoolAssgnmnt="1002" Value="1"/>
                    </AssgnmntListEntry>
                </AssgnmntPrefix>
            </AssgnmntList>
            <ObjMetaDataList/>
            <MetaDataList/>
        </TestCase>
        <TestCase Comment="" Date="1678791614240" Name="exe3.ComputerTestMCDC:testNoAlarm3">
            <CovList>
                <CovPrefix CovItemPrefix="exe3.Computer.java">
                    <Cov CovItemId="B1" Value="1"/>
                    <Cov CovItemId="B3" Value="1"/>
                    <Cov CovItemId="S1" Value="1"/>
                    <Cov CovItemId="S2" Value="1"/>
                    <Cov CovItemId="S4" Value="1"/>
                    <Cov CovItemId="S5" Value="1"/>
                </CovPrefix>
            </CovList>
            <AssgnmntList>
                <AssgnmntPrefix RootTermCovItemPrefix="exe3.Computer.java">
                    <AssgnmntListEntry Length="1" RootTermCovItemId="C1">
                        <MapEntry BoolAssgnmnt="1" Value="1"/>
                    </AssgnmntListEntry>
                    <AssgnmntListEntry Length="4" RootTermCovItemId="C2">
                        <MapEntry BoolAssgnmnt="1121" Value="1"/>
                    </AssgnmntListEntry>
                </AssgnmntPrefix>
            </AssgnmntList>
            <ObjMetaDataList/>
            <MetaDataList/>
        </TestCase>
        <TestCase Comment="" Date="1678791614244" Name="exe3.ComputerTestMCDC:testNoAlarm4">
            <CovList>
                <CovPrefix CovItemPrefix="exe3.Computer.java">
                    <Cov CovItemId="B2" Value="1"/>
                    <Cov CovItemId="B4" Value="1"/>
                    <Cov CovItemId="S1" Value="1"/>
                    <Cov CovItemId="S3" Value="1"/>
                    <Cov CovItemId="S4" Value="1"/>
                    <Cov CovItemId="S6" Value="1"/>
                </CovPrefix>
            </CovList>
            <AssgnmntList>
                <AssgnmntPrefix RootTermCovItemPrefix="exe3.Computer.java">
                    <AssgnmntListEntry Length="1" RootTermCovItemId="C1">
                        <MapEntry BoolAssgnmnt="0" Value="1"/>
                    </AssgnmntListEntry>
                    <AssgnmntListEntry Length="4" RootTermCovItemId="C2">
                        <MapEntry BoolAssgnmnt="1120" Value="1"/>
                    </AssgnmntListEntry>
                </AssgnmntPrefix>
            </AssgnmntList>
            <ObjMetaDataList/>
            <MetaDataList/>
        </TestCase>
        <MetaDataList/>
    </TestSession>
</TestSessionContainer>
